<?xml version="1.0" encoding="UTF-8"?>
<testsuite xmlns:xsi="http://www.w3.org/2001/XMLSchema-instance" xsi:noNamespaceSchemaLocation="https://maven.apache.org/surefire/maven-failsafe-plugin/xsd/failsafe-test-report.xsd" name="org.jbpm.process.workitem.camel.karaf.itests.CamelWorkitemIntegrationTest" time="61.674" tests="2" errors="0" skipped="0" failures="0">
  <properties>
    <property name="awt.toolkit" value="sun.awt.X11.XToolkit"/>
    <property name="file.encoding.pkg" value="sun.io"/>
    <property name="java.specification.version" value="1.8"/>
    <property name="sun.cpu.isalist" value=""/>
    <property name="groupId" value="org.jbpm.contrib"/>
    <property name="sun.jnu.encoding" value="UTF-8"/>
    <property name="java.class.path" value="/root/jbpm-work-items/karaf-itests/target/test-classes:/root/jbpm-work-items/karaf-itests/target/karaf-itests-7.50.0-SNAPSHOT.jar:/root/.m2/repository/org/drools/drools-core/7.50.0-SNAPSHOT/drools-core-7.50.0-SNAPSHOT.jar:/root/.m2/repository/org/kie/kie-api/7.50.0-SNAPSHOT/kie-api-7.50.0-SNAPSHOT.jar:/root/.m2/repository/org/kie/kie-internal/7.50.0-SNAPSHOT/kie-internal-7.50.0-SNAPSHOT.jar:/root/.m2/repository/org/kie/soup/kie-soup-xstream/7.50.0-SNAPSHOT/kie-soup-xstream-7.50.0-SNAPSHOT.jar:/root/.m2/repository/org/drools/drools-core-reflective/7.50.0-SNAPSHOT/drools-core-reflective-7.50.0-SNAPSHOT.jar:/root/.m2/repository/org/drools/drools-core-dynamic/7.50.0-SNAPSHOT/drools-core-dynamic-7.50.0-SNAPSHOT.jar:/root/.m2/repository/org/slf4j/slf4j-api/1.7.26/slf4j-api-1.7.26.jar:/root/.m2/repository/commons-codec/commons-codec/1.11/commons-codec-1.11.jar:/root/.m2/repository/org/kie/kie-osgi-integration/7.50.0-SNAPSHOT/kie-osgi-integration-7.50.0-SNAPSHOT.jar:/root/.m2/repository/org/drools/drools-compiler/7.50.0-SNAPSHOT/drools-compiler-7.50.0-SNAPSHOT.jar:/root/.m2/repository/org/antlr/antlr-runtime/3.5.2/antlr-runtime-3.5.2.jar:/root/.m2/repository/org/osgi/org.osgi.core/4.3.1/org.osgi.core-4.3.1.jar:/root/.m2/repository/org/springframework/spring-beans/5.2.5.RELEASE/spring-beans-5.2.5.RELEASE.jar:/root/.m2/repository/org/springframework/spring-context/5.2.5.RELEASE/spring-context-5.2.5.RELEASE.jar:/root/.m2/repository/org/springframework/spring-aop/5.2.5.RELEASE/spring-aop-5.2.5.RELEASE.jar:/root/.m2/repository/org/springframework/spring-expression/5.2.5.RELEASE/spring-expression-5.2.5.RELEASE.jar:/root/.m2/repository/org/springframework/osgi/spring-osgi-core/1.2.1/spring-osgi-core-1.2.1.jar:/root/.m2/repository/org/springframework/osgi/spring-osgi-io/1.2.1/spring-osgi-io-1.2.1.jar:/root/.m2/repository/org/kie/kie-spring/7.50.0-SNAPSHOT/kie-spring-7.50.0-SNAPSHOT.jar:/root/.m2/repository/org/jbpm/jbpm-flow/7.50.0-SNAPSHOT/jbpm-flow-7.50.0-SNAPSHOT.jar:/root/.m2/repository/org/kie/soup/kie-soup-commons/7.50.0-SNAPSHOT/kie-soup-commons-7.50.0-SNAPSHOT.jar:/root/.m2/repository/org/kie/soup/kie-soup-project-datamodel-commons/7.50.0-SNAPSHOT/kie-soup-project-datamodel-commons-7.50.0-SNAPSHOT.jar:/root/.m2/repository/org/kie/soup/kie-soup-project-datamodel-api/7.50.0-SNAPSHOT/kie-soup-project-datamodel-api-7.50.0-SNAPSHOT.jar:/root/.m2/repository/com/google/protobuf/protobuf-java/3.6.1/protobuf-java-3.6.1.jar:/root/.m2/repository/org/mvel/mvel2/2.4.12.Final/mvel2-2.4.12.Final.jar:/root/.m2/repository/org/springframework/spring-tx/5.2.5.RELEASE/spring-tx-5.2.5.RELEASE.jar:/root/.m2/repository/org/drools/drools-decisiontables/7.50.0-SNAPSHOT/drools-decisiontables-7.50.0-SNAPSHOT.jar:/root/.m2/repository/org/drools/drools-templates/7.50.0-SNAPSHOT/drools-templates-7.50.0-SNAPSHOT.jar:/root/.m2/repository/org/apache/poi/poi-ooxml/4.1.2/poi-ooxml-4.1.2.jar:/root/.m2/repository/org/apache/poi/poi-ooxml-schemas/4.1.2/poi-ooxml-schemas-4.1.2.jar:/root/.m2/repository/org/apache/xmlbeans/xmlbeans/3.1.0/xmlbeans-3.1.0.jar:/root/.m2/repository/com/github/virtuald/curvesapi/1.06/curvesapi-1.06.jar:/root/.m2/repository/org/apache/poi/poi/4.1.2/poi-4.1.2.jar:/root/.m2/repository/org/apache/commons/commons-collections4/4.4/commons-collections4-4.4.jar:/root/.m2/repository/com/zaxxer/SparseBitSet/1.2/SparseBitSet-1.2.jar:/root/.m2/repository/org/springframework/spring-core/5.2.5.RELEASE/spring-core-5.2.5.RELEASE.jar:/root/.m2/repository/org/springframework/spring-jcl/5.2.5.RELEASE/spring-jcl-5.2.5.RELEASE.jar:/root/.m2/repository/com/thoughtworks/xstream/xstream/1.4.15/xstream-1.4.15.jar:/root/.m2/repository/xmlpull/xmlpull/1.2.0/xmlpull-1.2.0.jar:/root/.m2/repository/xpp3/xpp3_min/1.2.0/xpp3_min-1.2.0.jar:/root/.m2/repository/org/kie/kie-aries-blueprint/7.50.0-SNAPSHOT/kie-aries-blueprint-7.50.0-SNAPSHOT.jar:/root/.m2/repository/org/apache/aries/blueprint/org.apache.aries.blueprint.api/1.0.1/org.apache.aries.blueprint.api-1.0.1.jar:/root/.m2/repository/org/apache/aries/blueprint/blueprint-parser/1.4.0/blueprint-parser-1.4.0.jar:/root/.m2/repository/org/jbpm/jbpm-test/7.50.0-SNAPSHOT/jbpm-test-7.50.0-SNAPSHOT.jar:/root/.m2/repository/org/jbpm/jbpm-bpmn2/7.50.0-SNAPSHOT/jbpm-bpmn2-7.50.0-SNAPSHOT.jar:/root/.m2/repository/org/jbpm/jbpm-flow-builder/7.50.0-SNAPSHOT/jbpm-flow-builder-7.50.0-SNAPSHOT.jar:/root/.m2/repository/org/jbpm/jbpm-persistence-jpa/7.50.0-SNAPSHOT/jbpm-persistence-jpa-7.50.0-SNAPSHOT.jar:/root/.m2/repository/org/jbpm/jbpm-persistence-api/7.50.0-SNAPSHOT/jbpm-persistence-api-7.50.0-SNAPSHOT.jar:/root/.m2/repository/org/drools/drools-persistence-jpa/7.50.0-SNAPSHOT/drools-persistence-jpa-7.50.0-SNAPSHOT.jar:/root/.m2/repository/org/jboss/spec/javax/xml/bind/jboss-jaxb-api_2.3_spec/1.0.1.Final/jboss-jaxb-api_2.3_spec-1.0.1.Final.jar:/root/.m2/repository/org/drools/drools-persistence-api/7.50.0-SNAPSHOT/drools-persistence-api-7.50.0-SNAPSHOT.jar:/root/.m2/repository/org/jbpm/jbpm-audit/7.50.0-SNAPSHOT/jbpm-audit-7.50.0-SNAPSHOT.jar:/root/.m2/repository/org/jbpm/jbpm-query-jpa/7.50.0-SNAPSHOT/jbpm-query-jpa-7.50.0-SNAPSHOT.jar:/root/.m2/repository/org/jbpm/jbpm-human-task-core/7.50.0-SNAPSHOT/jbpm-human-task-core-7.50.0-SNAPSHOT.jar:/root/.m2/repository/org/jboss/spec/javax/annotation/jboss-annotations-api_1.2_spec/1.0.0.Final/jboss-annotations-api_1.2_spec-1.0.0.Final.jar:/root/.m2/repository/javax/mail/mail/1.4.5/mail-1.4.5.jar:/root/.m2/repository/org/jbpm/jbpm-human-task-workitems/7.50.0-SNAPSHOT/jbpm-human-task-workitems-7.50.0-SNAPSHOT.jar:/root/.m2/repository/org/jbpm/jbpm-shared-services/7.50.0-SNAPSHOT/jbpm-shared-services-7.50.0-SNAPSHOT.jar:/root/.m2/repository/org/jbpm/jbpm-services-api/7.50.0-SNAPSHOT/jbpm-services-api-7.50.0-SNAPSHOT.jar:/root/.m2/repository/org/jbpm/jbpm-case-mgmt-api/7.50.0-SNAPSHOT/jbpm-case-mgmt-api-7.50.0-SNAPSHOT.jar:/root/.m2/repository/org/jbpm/jbpm-runtime-manager/7.50.0-SNAPSHOT/jbpm-runtime-manager-7.50.0-SNAPSHOT.jar:/root/.m2/repository/org/jbpm/jbpm-human-task-audit/7.50.0-SNAPSHOT/jbpm-human-task-audit-7.50.0-SNAPSHOT.jar:/root/.m2/repository/org/jbpm/jbpm-human-task-jpa/7.50.0-SNAPSHOT/jbpm-human-task-jpa-7.50.0-SNAPSHOT.jar:/root/.m2/repository/com/h2database/h2/1.3.173/h2-1.3.173.jar:/root/.m2/repository/org/hibernate/hibernate-entitymanager/5.3.18.Final/hibernate-entitymanager-5.3.18.Final.jar:/root/.m2/repository/org/jboss/logging/jboss-logging/3.4.1.Final/jboss-logging-3.4.1.Final.jar:/root/.m2/repository/org/dom4j/dom4j/2.1.3/dom4j-2.1.3.jar:/root/.m2/repository/org/hibernate/common/hibernate-commons-annotations/5.0.5.Final/hibernate-commons-annotations-5.0.5.Final.jar:/root/.m2/repository/net/bytebuddy/byte-buddy/1.10.3/byte-buddy-1.10.3.jar:/root/.m2/repository/org/hibernate/hibernate-core/5.3.18.Final/hibernate-core-5.3.18.Final.jar:/root/.m2/repository/antlr/antlr/2.7.7/antlr-2.7.7.jar:/root/.m2/repository/org/jboss/jandex/2.1.1.Final/jandex-2.1.1.Final.jar:/root/.m2/repository/com/fasterxml/classmate/1.3.4/classmate-1.3.4.jar:/root/.m2/repository/org/glassfish/jaxb/jaxb-runtime/2.3.2/jaxb-runtime-2.3.2.jar:/root/.m2/repository/org/glassfish/jaxb/txw2/2.3.2/txw2-2.3.2.jar:/root/.m2/repository/com/sun/istack/istack-commons-runtime/3.0.8/istack-commons-runtime-3.0.8.jar:/root/.m2/repository/com/sun/xml/fastinfoset/FastInfoset/1.2.16/FastInfoset-1.2.16.jar:/root/.m2/repository/javax/persistence/javax.persistence-api/2.2/javax.persistence-api-2.2.jar:/root/.m2/repository/org/jboss/narayana/jta/narayana-jta/5.9.0.Final/narayana-jta-5.9.0.Final.jar:/root/.m2/repository/org/jboss/jboss-transaction-spi/7.6.0.Final/jboss-transaction-spi-7.6.0.Final.jar:/root/.m2/repository/org/jboss/spec/javax/resource/jboss-connector-api_1.7_spec/1.0.0.Final/jboss-connector-api_1.7_spec-1.0.0.Final.jar:/root/.m2/repository/org/javassist/javassist/3.26.0-GA/javassist-3.26.0-GA.jar:/root/.m2/repository/org/jboss/spec/javax/transaction/jboss-transaction-api_1.2_spec/1.1.1.Final/jboss-transaction-api_1.2_spec-1.1.1.Final.jar:/root/.m2/repository/org/kie/kie-test-util/7.50.0-SNAPSHOT/kie-test-util-7.50.0-SNAPSHOT.jar:/root/.m2/repository/commons-collections/commons-collections/3.2.2/commons-collections-3.2.2.jar:/root/.m2/repository/org/apache/tomcat/tomcat-dbcp/9.0.21/tomcat-dbcp-9.0.21.jar:/root/.m2/repository/org/apache/tomcat/tomcat-juli/9.0.21/tomcat-juli-9.0.21.jar:/root/.m2/repository/simple-jndi/simple-jndi/0.11.4.1/simple-jndi-0.11.4.1.jar:/root/.m2/repository/org/jbpm/jbpm-test-util/7.50.0-SNAPSHOT/jbpm-test-util-7.50.0-SNAPSHOT.jar:/root/.m2/repository/org/kie/soup/kie-soup-maven-support/7.50.0-SNAPSHOT/kie-soup-maven-support-7.50.0-SNAPSHOT.jar:/root/.m2/repository/org/drools/drools-ecj/7.50.0-SNAPSHOT/drools-ecj-7.50.0-SNAPSHOT.jar:/root/.m2/repository/org/kie/kie-ci/7.50.0-SNAPSHOT/kie-ci-7.50.0-SNAPSHOT.jar:/root/.m2/repository/org/drools/drools-mvel/7.50.0-SNAPSHOT/drools-mvel-7.50.0-SNAPSHOT.jar:/root/.m2/repository/org/drools/drools-serialization-protobuf/7.50.0-SNAPSHOT/drools-serialization-protobuf-7.50.0-SNAPSHOT.jar:/root/.m2/repository/org/kie/soup/kie-soup-maven-integration/7.50.0-SNAPSHOT/kie-soup-maven-integration-7.50.0-SNAPSHOT.jar:/root/.m2/repository/org/apache/maven/maven-artifact/3.3.9/maven-artifact-3.3.9.jar:/root/.m2/repository/org/apache/maven/maven-plugin-api/3.3.9/maven-plugin-api-3.3.9.jar:/root/.m2/repository/org/eclipse/aether/aether-util/1.1.0/aether-util-1.1.0.jar:/root/.m2/repository/org/eclipse/aether/aether-spi/1.1.0/aether-spi-1.1.0.jar:/root/.m2/repository/org/eclipse/aether/aether-transport-file/1.1.0/aether-transport-file-1.1.0.jar:/root/.m2/repository/org/eclipse/aether/aether-transport-http/1.1.0/aether-transport-http-1.1.0.jar:/root/.m2/repository/org/apache/ant/ant/1.9.15/ant-1.9.15.jar:/root/.m2/repository/org/apache/ant/ant-launcher/1.9.15/ant-launcher-1.9.15.jar:/root/.m2/repository/org/apache/httpcomponents/httpcore/4.4.6/httpcore-4.4.6.jar:/root/.m2/repository/com/google/inject/guice/4.0/guice-4.0-no_aop.jar:/root/.m2/repository/javax/inject/javax.inject/1/javax.inject-1.jar:/root/.m2/repository/aopalliance/aopalliance/1.0/aopalliance-1.0.jar:/root/.m2/repository/org/apache/maven/maven-core/3.3.9/maven-core-3.3.9.jar:/root/.m2/repository/org/apache/maven/maven-repository-metadata/3.3.9/maven-repository-metadata-3.3.9.jar:/root/.m2/repository/org/codehaus/plexus/plexus-interpolation/1.21/plexus-interpolation-1.21.jar:/root/.m2/repository/org/codehaus/plexus/plexus-component-annotations/1.6/plexus-component-annotations-1.6.jar:/root/.m2/repository/org/apache/maven/maven-model/3.3.9/maven-model-3.3.9.jar:/root/.m2/repository/org/apache/maven/maven-model-builder/3.3.9/maven-model-builder-3.3.9.jar:/root/.m2/repository/org/apache/maven/maven-builder-support/3.3.9/maven-builder-support-3.3.9.jar:/root/.m2/repository/org/apache/maven/maven-settings/3.3.9/maven-settings-3.3.9.jar:/root/.m2/repository/org/apache/maven/maven-settings-builder/3.3.9/maven-settings-builder-3.3.9.jar:/root/.m2/repository/org/apache/maven/maven-compat/3.3.9/maven-compat-3.3.9.jar:/root/.m2/repository/org/apache/maven/maven-aether-provider/3.3.9/maven-aether-provider-3.3.9.jar:/root/.m2/repository/org/apache/maven/wagon/wagon-provider-api/3.0.0/wagon-provider-api-3.0.0.jar:/root/.m2/repository/org/sonatype/plexus/plexus-sec-dispatcher/1.3/plexus-sec-dispatcher-1.3.jar:/root/.m2/repository/org/codehaus/plexus/plexus-classworlds/2.5.2/plexus-classworlds-2.5.2.jar:/root/.m2/repository/org/codehaus/plexus/plexus-utils/3.0.22/plexus-utils-3.0.22.jar:/root/.m2/repository/org/eclipse/aether/aether-api/1.1.0/aether-api-1.1.0.jar:/root/.m2/repository/org/eclipse/aether/aether-impl/1.1.0/aether-impl-1.1.0.jar:/root/.m2/repository/org/eclipse/aether/aether-connector-basic/1.1.0/aether-connector-basic-1.1.0.jar:/root/.m2/repository/org/eclipse/aether/aether-transport-wagon/1.1.0/aether-transport-wagon-1.1.0.jar:/root/.m2/repository/org/eclipse/sisu/org.eclipse.sisu.plexus/0.3.2/org.eclipse.sisu.plexus-0.3.2.jar:/root/.m2/repository/javax/enterprise/cdi-api/2.0.SP1/cdi-api-2.0.SP1.jar:/root/.m2/repository/org/eclipse/sisu/org.eclipse.sisu.inject/0.3.2/org.eclipse.sisu.inject-0.3.2.jar:/root/.m2/repository/org/apache/maven/wagon/wagon-http/3.0.0/wagon-http-3.0.0.jar:/root/.m2/repository/org/apache/maven/wagon/wagon-http-shared/3.0.0/wagon-http-shared-3.0.0.jar:/root/.m2/repository/org/jsoup/jsoup/1.8.3/jsoup-1.8.3.jar:/root/.m2/repository/commons-io/commons-io/2.6/commons-io-2.6.jar:/root/.m2/repository/org/sonatype/plexus/plexus-cipher/1.7/plexus-cipher-1.7.jar:/root/.m2/repository/org/kie/server/kie-server-client/7.50.0-SNAPSHOT/kie-server-client-7.50.0-SNAPSHOT.jar:/root/.m2/repository/org/apache/commons/commons-lang3/3.9/commons-lang3-3.9.jar:/root/.m2/repository/org/optaplanner/optaplanner-core/7.50.0-SNAPSHOT/optaplanner-core-7.50.0-SNAPSHOT.jar:/root/.m2/repository/org/apache/commons/commons-math3/3.4.1/commons-math3-3.4.1.jar:/root/.m2/repository/org/reflections/reflections/0.9.11/reflections-0.9.11.jar:/root/.m2/repository/org/kie/kie-dmn-api/7.50.0-SNAPSHOT/kie-dmn-api-7.50.0-SNAPSHOT.jar:/root/.m2/repository/org/kie/server/kie-server-api/7.50.0-SNAPSHOT/kie-server-api-7.50.0-SNAPSHOT.jar:/root/.m2/repository/org/optaplanner/optaplanner-persistence-xstream/7.50.0-SNAPSHOT/optaplanner-persistence-xstream-7.50.0-SNAPSHOT.jar:/root/.m2/repository/org/optaplanner/optaplanner-persistence-common/7.50.0-SNAPSHOT/optaplanner-persistence-common-7.50.0-SNAPSHOT.jar:/root/.m2/repository/org/optaplanner/optaplanner-persistence-jaxb/7.50.0-SNAPSHOT/optaplanner-persistence-jaxb-7.50.0-SNAPSHOT.jar:/root/.m2/repository/com/fasterxml/jackson/module/jackson-module-jaxb-annotations/2.9.10/jackson-module-jaxb-annotations-2.9.10.jar:/root/.m2/repository/com/fasterxml/jackson/datatype/jackson-datatype-jsr310/2.10.4/jackson-datatype-jsr310-2.10.4.jar:/root/.m2/repository/org/drools/kie-pmml/7.50.0-SNAPSHOT/kie-pmml-7.50.0-SNAPSHOT.jar:/root/.m2/repository/org/jboss/spec/javax/ws/rs/jboss-jaxrs-api_2.1_spec/1.0.2.Final/jboss-jaxrs-api_2.1_spec-1.0.2.Final.jar:/root/.m2/repository/org/kie/server/kie-server-common/7.50.0-SNAPSHOT/kie-server-common-7.50.0-SNAPSHOT.jar:/root/.m2/repository/org/jboss/spec/javax/jms/jboss-jms-api_2.0_spec/1.0.2.Final/jboss-jms-api_2.0_spec-1.0.2.Final.jar:/root/.m2/repository/com/sun/xml/bind/jaxb-core/2.3.0/jaxb-core-2.3.0.jar:/root/.m2/repository/com/sun/xml/bind/jaxb-impl/2.3.0/jaxb-impl-2.3.0.jar:/root/.m2/repository/org/kie/kie-dmn-core/7.50.0-SNAPSHOT/kie-dmn-core-7.50.0-SNAPSHOT.jar:/root/.m2/repository/org/kie/kie-dmn-model/7.50.0-SNAPSHOT/kie-dmn-model-7.50.0-SNAPSHOT.jar:/root/.m2/repository/org/kie/kie-dmn-backend/7.50.0-SNAPSHOT/kie-dmn-backend-7.50.0-SNAPSHOT.jar:/root/.m2/repository/org/kie/kie-dmn-feel/7.50.0-SNAPSHOT/kie-dmn-feel-7.50.0-SNAPSHOT.jar:/root/.m2/repository/ch/obermuhlner/big-math/2.0.1/big-math-2.0.1.jar:/root/.m2/repository/org/kie/kie-memory-compiler/7.50.0-SNAPSHOT/kie-memory-compiler-7.50.0-SNAPSHOT.jar:/root/.m2/repository/org/drools/drools-ruleunit/7.50.0-SNAPSHOT/drools-ruleunit-7.50.0-SNAPSHOT.jar:/root/.m2/repository/org/drools/drools-canonical-model/7.50.0-SNAPSHOT/drools-canonical-model-7.50.0-SNAPSHOT.jar:/root/.m2/repository/org/drools/drools-model-compiler/7.50.0-SNAPSHOT/drools-model-compiler-7.50.0-SNAPSHOT.jar:/root/.m2/repository/org/drools/drools-mvel-compiler/7.50.0-SNAPSHOT/drools-mvel-compiler-7.50.0-SNAPSHOT.jar:/root/.m2/repository/com/github/javaparser/javaparser-core/3.13.10/javaparser-core-3.13.10.jar:/root/.m2/repository/org/drools/drools-mvel-parser/7.50.0-SNAPSHOT/drools-mvel-parser-7.50.0-SNAPSHOT.jar:/root/.m2/repository/org/antlr/antlr4-runtime/4.8/antlr4-runtime-4.8.jar:/root/.m2/repository/org/jpmml/pmml-model/1.5.1/pmml-model-1.5.1.jar:/root/.m2/repository/org/jpmml/pmml-agent/1.5.1/pmml-agent-1.5.1.jar:/root/.m2/repository/org/apache/camel/camel-core/2.24.0/camel-core-2.24.0.jar:/root/.m2/repository/org/kie/kie-camel/7.50.0-SNAPSHOT/kie-camel-7.50.0-SNAPSHOT.jar:/root/.m2/repository/org/apache/cxf/cxf-core/3.2.14/cxf-core-3.2.14.jar:/root/.m2/repository/com/fasterxml/woodstox/woodstox-core/5.0.3/woodstox-core-5.0.3.jar:/root/.m2/repository/org/codehaus/woodstox/stax2-api/3.1.4/stax2-api-3.1.4.jar:/root/.m2/repository/org/apache/ws/xmlschema/xmlschema-core/2.2.4/xmlschema-core-2.2.4.jar:/root/.m2/repository/org/apache/camel/camel-cxf/2.24.0/camel-cxf-2.24.0.jar:/root/.m2/repository/org/apache/camel/camel-spring/2.24.0/camel-spring-2.24.0.jar:/root/.m2/repository/org/apache/camel/camel-http-common/2.24.0/camel-http-common-2.24.0.jar:/root/.m2/repository/javax/servlet/javax.servlet-api/3.1.0/javax.servlet-api-3.1.0.jar:/root/.m2/repository/org/apache/cxf/cxf-rt-frontend-jaxrs/3.2.14/cxf-rt-frontend-jaxrs-3.2.14.jar:/root/.m2/repository/org/apache/cxf/cxf-rt-frontend-jaxws/3.2.14/cxf-rt-frontend-jaxws-3.2.14.jar:/root/.m2/repository/xml-resolver/xml-resolver/1.2/xml-resolver-1.2.jar:/root/.m2/repository/org/ow2/asm/asm/7.1/asm-7.1.jar:/root/.m2/repository/org/apache/cxf/cxf-rt-bindings-xml/3.2.14/cxf-rt-bindings-xml-3.2.14.jar:/root/.m2/repository/org/apache/cxf/cxf-rt-ws-addr/3.2.14/cxf-rt-ws-addr-3.2.14.jar:/root/.m2/repository/org/apache/cxf/cxf-rt-ws-policy/3.2.14/cxf-rt-ws-policy-3.2.14.jar:/root/.m2/repository/org/apache/cxf/cxf-rt-rs-client/3.2.14/cxf-rt-rs-client-3.2.14.jar:/root/.m2/repository/org/apache/cxf/cxf-rt-features-logging/3.2.7/cxf-rt-features-logging-3.2.7.jar:/root/.m2/repository/org/apache/cxf/cxf-rt-bindings-soap/3.2.14/cxf-rt-bindings-soap-3.2.14.jar:/root/.m2/repository/org/apache/cxf/cxf-rt-wsdl/3.2.14/cxf-rt-wsdl-3.2.14.jar:/root/.m2/repository/org/apache/camel/camel-xstream/2.24.0/camel-xstream-2.24.0.jar:/root/.m2/repository/stax/stax-api/1.0.1/stax-api-1.0.1.jar:/root/.m2/repository/org/codehaus/jettison/jettison/1.4.0/jettison-1.4.0.jar:/root/.m2/repository/org/apache/camel/camel-jaxb/2.24.0/camel-jaxb-2.24.0.jar:/root/.m2/repository/org/apache/camel/camel-cxf-transport/2.24.0/camel-cxf-transport-2.24.0.jar:/root/.m2/repository/javax/xml/soap/javax.xml.soap-api/1.4.0/javax.xml.soap-api-1.4.0.jar:/root/.m2/repository/javax/xml/ws/jaxws-api/2.3.1/jaxws-api-2.3.1.jar:/root/.m2/repository/javax/xml/bind/jaxb-api/2.3.1/jaxb-api-2.3.1.jar:/root/.m2/repository/javax/activation/javax.activation-api/1.2.0/javax.activation-api-1.2.0.jar:/root/.m2/repository/javax/annotation/javax.annotation-api/1.3.2/javax.annotation-api-1.3.2.jar:/root/.m2/repository/javax/jws/javax.jws-api/1.1/javax.jws-api-1.1.jar:/root/.m2/repository/com/sun/xml/messaging/saaj/saaj-impl/1.5.0/saaj-impl-1.5.0.jar:/root/.m2/repository/org/jvnet/mimepull/mimepull/1.9.8/mimepull-1.9.8.jar:/root/.m2/repository/org/jvnet/staxex/stax-ex/1.8/stax-ex-1.8.jar:/root/jbpm-work-items/camel-workitem/target/camel-workitem-7.50.0-SNAPSHOT.jar:/root/.m2/repository/org/jbpm/jbpm-workitems-core/7.50.0-SNAPSHOT/jbpm-workitems-core-7.50.0-SNAPSHOT.jar:/root/.m2/repository/org/apache/commons/commons-exec/1.3/commons-exec-1.3.jar:/root/.m2/repository/org/antlr/ST4/4.0.7/ST4-4.0.7.jar:/root/.m2/repository/org/jbpm/jbpm-workitems-bpmn2/7.50.0-SNAPSHOT/jbpm-workitems-bpmn2-7.50.0-SNAPSHOT.jar:/root/.m2/repository/org/jboss/spec/javax/xml/ws/jboss-jaxws-api_2.3_spec/1.0.0.Final/jboss-jaxws-api_2.3_spec-1.0.0.Final.jar:/root/.m2/repository/org/apache/cxf/cxf-rt-databinding-jaxb/3.2.14/cxf-rt-databinding-jaxb-3.2.14.jar:/root/.m2/repository/org/apache/cxf/cxf-rt-transports-http/3.2.14/cxf-rt-transports-http-3.2.14.jar:/root/.m2/repository/org/apache/cxf/cxf-rt-frontend-simple/3.2.14/cxf-rt-frontend-simple-3.2.14.jar:/root/.m2/repository/wsdl4j/wsdl4j/1.6.3/wsdl4j-1.6.3.jar:/root/.m2/repository/org/apache/neethi/neethi/3.1.1/neethi-3.1.1.jar:/root/.m2/repository/org/jbpm/jbpm-workitems-email/7.50.0-SNAPSHOT/jbpm-workitems-email-7.50.0-SNAPSHOT.jar:/root/.m2/repository/javax/activation/activation/1.1.1/activation-1.1.1.jar:/root/.m2/repository/org/jbpm/jbpm-workitems-jms/7.50.0-SNAPSHOT/jbpm-workitems-jms-7.50.0-SNAPSHOT.jar:/root/.m2/repository/org/jbpm/jbpm-workitems-rest/7.50.0-SNAPSHOT/jbpm-workitems-rest-7.50.0-SNAPSHOT.jar:/root/.m2/repository/org/jbpm/jbpm-workitems-webservice/7.50.0-SNAPSHOT/jbpm-workitems-webservice-7.50.0-SNAPSHOT.jar:/root/.m2/repository/com/github/tomakehurst/wiremock/1.53/wiremock-1.53-standalone.jar:/root/.m2/repository/org/apache/httpcomponents/httpclient/4.5.13/httpclient-4.5.13.jar:/root/.m2/repository/xmlunit/xmlunit/1.3/xmlunit-1.3.jar:/root/.m2/repository/org/mortbay/jetty/jetty/6.1.26/jetty-6.1.26.jar:/root/.m2/repository/org/mortbay/jetty/jetty-util/6.1.26/jetty-util-6.1.26.jar:/root/.m2/repository/org/mortbay/jetty/servlet-api/2.5-20081211/servlet-api-2.5-20081211.jar:/root/.m2/repository/org/skyscreamer/jsonassert/1.2.3/jsonassert-1.2.3.jar:/root/.m2/repository/org/json/json/20140107/json-20140107.jar:/root/.m2/repository/com/jayway/jsonpath/json-path/0.8.1/json-path-0.8.1.jar:/root/.m2/repository/net/minidev/json-smart/1.1.1/json-smart-1.1.1.jar:/root/.m2/repository/commons-lang/commons-lang/2.6/commons-lang-2.6.jar:/root/.m2/repository/com/fasterxml/jackson/core/jackson-annotations/2.10.4/jackson-annotations-2.10.4.jar:/root/.m2/repository/com/fasterxml/jackson/core/jackson-core/2.10.4/jackson-core-2.10.4.jar:/root/.m2/repository/com/google/guava/guava/24.1.1-jre/guava-24.1.1-jre.jar:/root/.m2/repository/com/google/code/findbugs/jsr305/1.3.9/jsr305-1.3.9.jar:/root/.m2/repository/org/checkerframework/checker-compat-qual/2.0.0/checker-compat-qual-2.0.0.jar:/root/.m2/repository/com/google/errorprone/error_prone_annotations/2.1.3/error_prone_annotations-2.1.3.jar:/root/.m2/repository/com/google/j2objc/j2objc-annotations/1.1/j2objc-annotations-1.1.jar:/root/.m2/repository/org/codehaus/mojo/animal-sniffer-annotations/1.14/animal-sniffer-annotations-1.14.jar:/root/.m2/repository/net/sf/jopt-simple/jopt-simple/4.7/jopt-simple-4.7.jar:/root/.m2/repository/com/fasterxml/jackson/core/jackson-databind/2.10.4/jackson-databind-2.10.4.jar:/root/.m2/repository/org/apache/karaf/features/org.apache.karaf.features.core/4.2.0/org.apache.karaf.features.core-4.2.0.jar:/root/.m2/repository/org/ops4j/base/ops4j-base-util-property/1.5.0/ops4j-base-util-property-1.5.0.jar:/root/.m2/repository/org/ops4j/base/ops4j-base-util-collections/1.5.0/ops4j-base-util-collections-1.5.0.jar:/root/.m2/repository/org/ops4j/pax/swissbox/pax-swissbox-property/1.8.3/pax-swissbox-property-1.8.3.jar:/root/.m2/repository/org/apache/karaf/jndi/org.apache.karaf.jndi.core/4.2.0/org.apache.karaf.jndi.core-4.2.0.jar:/root/.m2/repository/org/apache/xbean/xbean-naming/4.7/xbean-naming-4.7.jar:/root/.m2/repository/org/apache/aries/proxy/org.apache.aries.proxy.api/1.1.0/org.apache.aries.proxy.api-1.1.0.jar:/root/.m2/repository/org/ops4j/pax/exam/pax-exam-container-karaf/4.11.0/pax-exam-container-karaf-4.11.0.jar:/root/.m2/repository/org/ops4j/pax/exam/pax-exam/4.11.0/pax-exam-4.11.0.jar:/root/.m2/repository/org/ops4j/base/ops4j-base-store/1.5.0/ops4j-base-store-1.5.0.jar:/root/.m2/repository/org/ops4j/pax/exam/pax-exam-container-remote/4.11.0/pax-exam-container-remote-4.11.0.jar:/root/.m2/repository/org/ops4j/pax/exam/pax-exam-container-rbc-client/4.11.0/pax-exam-container-rbc-client-4.11.0.jar:/root/.m2/repository/org/ops4j/pax/exam/pax-exam-container-rbc/4.11.0/pax-exam-container-rbc-4.11.0.jar:/root/.m2/repository/org/ops4j/pax/swissbox/pax-swissbox-core/1.8.2/pax-swissbox-core-1.8.2.jar:/root/.m2/repository/org/ops4j/pax/swissbox/pax-swissbox-lifecycle/1.8.2/pax-swissbox-lifecycle-1.8.2.jar:/root/.m2/repository/org/ops4j/base/ops4j-base-net/1.5.0/ops4j-base-net-1.5.0.jar:/root/.m2/repository/org/apache/commons/commons-compress/1.19/commons-compress-1.19.jar:/root/.m2/repository/org/ops4j/pax/swissbox/pax-swissbox-framework/1.8.2/pax-swissbox-framework-1.8.2.jar:/root/.m2/repository/org/ops4j/pax/swissbox/pax-swissbox-tracker/1.8.2/pax-swissbox-tracker-1.8.2.jar:/root/.m2/repository/org/ops4j/base/ops4j-base-exec/1.5.0/ops4j-base-exec-1.5.0.jar:/root/.m2/repository/org/ops4j/base/ops4j-base-io/1.5.0/ops4j-base-io-1.5.0.jar:/root/.m2/repository/org/ops4j/base/ops4j-base-monitors/1.5.0/ops4j-base-monitors-1.5.0.jar:/root/.m2/repository/org/ops4j/base/ops4j-base-spi/1.5.0/ops4j-base-spi-1.5.0.jar:/root/.m2/repository/org/apache/felix/org.apache.felix.configadmin/1.8.12/org.apache.felix.configadmin-1.8.12.jar:/root/.m2/repository/org/ops4j/pax/exam/pax-exam-junit4/4.11.0/pax-exam-junit4-4.11.0.jar:/root/.m2/repository/org/ops4j/pax/exam/pax-exam-spi/4.11.0/pax-exam-spi-4.11.0.jar:/root/.m2/repository/org/ops4j/pax/tinybundles/tinybundles/2.1.1/tinybundles-2.1.1.jar:/root/.m2/repository/biz/aQute/bnd/bndlib/2.4.0/bndlib-2.4.0.jar:/root/.m2/repository/org/ops4j/base/ops4j-base-lang/1.5.0/ops4j-base-lang-1.5.0.jar:/root/.m2/repository/org/apache/servicemix/bundles/org.apache.servicemix.bundles.javax-inject/1_2/org.apache.servicemix.bundles.javax-inject-1_2.jar:/root/.m2/repository/org/ops4j/pax/url/pax-url-aether/2.2.0/pax-url-aether-2.2.0.jar:/root/.m2/repository/org/drools/drools-core/7.50.0-SNAPSHOT/drools-core-7.50.0-SNAPSHOT-tests.jar:/root/.m2/repository/org/drools/testcoverage/drools-test-suite/7.50.0-SNAPSHOT/drools-test-suite-7.50.0-SNAPSHOT-tests.jar:/root/.m2/repository/ch/qos/logback/logback-classic/1.2.3/logback-classic-1.2.3.jar:/root/.m2/repository/ch/qos/logback/logback-core/1.2.3/logback-core-1.2.3.jar:/root/.m2/repository/org/slf4j/jcl-over-slf4j/1.7.26/jcl-over-slf4j-1.7.26.jar:/root/.m2/repository/junit/junit/4.13.1/junit-4.13.1.jar:/root/.m2/repository/org/hamcrest/hamcrest-core/1.3/hamcrest-core-1.3.jar:/root/.m2/repository/org/mockito/mockito-core/1.10.19/mockito-core-1.10.19.jar:/root/.m2/repository/org/objenesis/objenesis/2.1/objenesis-2.1.jar:"/>
    <property name="java.vm.vendor" value="Oracle Corporation"/>
    <property name="sun.arch.data.model" value="64"/>
    <property name="java.vendor.url" value="http://java.oracle.com/"/>
    <property name="user.timezone" value=""/>
    <property name="java.vm.specification.version" value="1.8"/>
    <property name="os.name" value="Linux"/>
    <property name="user.country" value="US"/>
    <property name="sun.java.launcher" value="SUN_STANDARD"/>
    <property name="sun.boot.library.path" value="/usr/lib/jvm/java-1.8.0-openjdk-1.8.0.222.b10-1.el8.x86_64/jre/lib/amd64"/>
    <property name="sun.java.command" value="/root/jbpm-work-items/karaf-itests/target/surefire/surefirebooter3035067469091656185.jar /root/jbpm-work-items/karaf-itests/target/surefire 2021-02-03T00-16-12_380-jvmRun1 surefire1896668104378300848tmp surefire_356454416057672594867tmp"/>
    <property name="surefire.test.class.path" value="/root/jbpm-work-items/karaf-itests/target/test-classes:/root/jbpm-work-items/karaf-itests/target/karaf-itests-7.50.0-SNAPSHOT.jar:/root/.m2/repository/org/drools/drools-core/7.50.0-SNAPSHOT/drools-core-7.50.0-SNAPSHOT.jar:/root/.m2/repository/org/kie/kie-api/7.50.0-SNAPSHOT/kie-api-7.50.0-SNAPSHOT.jar:/root/.m2/repository/org/kie/kie-internal/7.50.0-SNAPSHOT/kie-internal-7.50.0-SNAPSHOT.jar:/root/.m2/repository/org/kie/soup/kie-soup-xstream/7.50.0-SNAPSHOT/kie-soup-xstream-7.50.0-SNAPSHOT.jar:/root/.m2/repository/org/drools/drools-core-reflective/7.50.0-SNAPSHOT/drools-core-reflective-7.50.0-SNAPSHOT.jar:/root/.m2/repository/org/drools/drools-core-dynamic/7.50.0-SNAPSHOT/drools-core-dynamic-7.50.0-SNAPSHOT.jar:/root/.m2/repository/org/slf4j/slf4j-api/1.7.26/slf4j-api-1.7.26.jar:/root/.m2/repository/commons-codec/commons-codec/1.11/commons-codec-1.11.jar:/root/.m2/repository/org/kie/kie-osgi-integration/7.50.0-SNAPSHOT/kie-osgi-integration-7.50.0-SNAPSHOT.jar:/root/.m2/repository/org/drools/drools-compiler/7.50.0-SNAPSHOT/drools-compiler-7.50.0-SNAPSHOT.jar:/root/.m2/repository/org/antlr/antlr-runtime/3.5.2/antlr-runtime-3.5.2.jar:/root/.m2/repository/org/osgi/org.osgi.core/4.3.1/org.osgi.core-4.3.1.jar:/root/.m2/repository/org/springframework/spring-beans/5.2.5.RELEASE/spring-beans-5.2.5.RELEASE.jar:/root/.m2/repository/org/springframework/spring-context/5.2.5.RELEASE/spring-context-5.2.5.RELEASE.jar:/root/.m2/repository/org/springframework/spring-aop/5.2.5.RELEASE/spring-aop-5.2.5.RELEASE.jar:/root/.m2/repository/org/springframework/spring-expression/5.2.5.RELEASE/spring-expression-5.2.5.RELEASE.jar:/root/.m2/repository/org/springframework/osgi/spring-osgi-core/1.2.1/spring-osgi-core-1.2.1.jar:/root/.m2/repository/org/springframework/osgi/spring-osgi-io/1.2.1/spring-osgi-io-1.2.1.jar:/root/.m2/repository/org/kie/kie-spring/7.50.0-SNAPSHOT/kie-spring-7.50.0-SNAPSHOT.jar:/root/.m2/repository/org/jbpm/jbpm-flow/7.50.0-SNAPSHOT/jbpm-flow-7.50.0-SNAPSHOT.jar:/root/.m2/repository/org/kie/soup/kie-soup-commons/7.50.0-SNAPSHOT/kie-soup-commons-7.50.0-SNAPSHOT.jar:/root/.m2/repository/org/kie/soup/kie-soup-project-datamodel-commons/7.50.0-SNAPSHOT/kie-soup-project-datamodel-commons-7.50.0-SNAPSHOT.jar:/root/.m2/repository/org/kie/soup/kie-soup-project-datamodel-api/7.50.0-SNAPSHOT/kie-soup-project-datamodel-api-7.50.0-SNAPSHOT.jar:/root/.m2/repository/com/google/protobuf/protobuf-java/3.6.1/protobuf-java-3.6.1.jar:/root/.m2/repository/org/mvel/mvel2/2.4.12.Final/mvel2-2.4.12.Final.jar:/root/.m2/repository/org/springframework/spring-tx/5.2.5.RELEASE/spring-tx-5.2.5.RELEASE.jar:/root/.m2/repository/org/drools/drools-decisiontables/7.50.0-SNAPSHOT/drools-decisiontables-7.50.0-SNAPSHOT.jar:/root/.m2/repository/org/drools/drools-templates/7.50.0-SNAPSHOT/drools-templates-7.50.0-SNAPSHOT.jar:/root/.m2/repository/org/apache/poi/poi-ooxml/4.1.2/poi-ooxml-4.1.2.jar:/root/.m2/repository/org/apache/poi/poi-ooxml-schemas/4.1.2/poi-ooxml-schemas-4.1.2.jar:/root/.m2/repository/org/apache/xmlbeans/xmlbeans/3.1.0/xmlbeans-3.1.0.jar:/root/.m2/repository/com/github/virtuald/curvesapi/1.06/curvesapi-1.06.jar:/root/.m2/repository/org/apache/poi/poi/4.1.2/poi-4.1.2.jar:/root/.m2/repository/org/apache/commons/commons-collections4/4.4/commons-collections4-4.4.jar:/root/.m2/repository/com/zaxxer/SparseBitSet/1.2/SparseBitSet-1.2.jar:/root/.m2/repository/org/springframework/spring-core/5.2.5.RELEASE/spring-core-5.2.5.RELEASE.jar:/root/.m2/repository/org/springframework/spring-jcl/5.2.5.RELEASE/spring-jcl-5.2.5.RELEASE.jar:/root/.m2/repository/com/thoughtworks/xstream/xstream/1.4.15/xstream-1.4.15.jar:/root/.m2/repository/xmlpull/xmlpull/1.2.0/xmlpull-1.2.0.jar:/root/.m2/repository/xpp3/xpp3_min/1.2.0/xpp3_min-1.2.0.jar:/root/.m2/repository/org/kie/kie-aries-blueprint/7.50.0-SNAPSHOT/kie-aries-blueprint-7.50.0-SNAPSHOT.jar:/root/.m2/repository/org/apache/aries/blueprint/org.apache.aries.blueprint.api/1.0.1/org.apache.aries.blueprint.api-1.0.1.jar:/root/.m2/repository/org/apache/aries/blueprint/blueprint-parser/1.4.0/blueprint-parser-1.4.0.jar:/root/.m2/repository/org/jbpm/jbpm-test/7.50.0-SNAPSHOT/jbpm-test-7.50.0-SNAPSHOT.jar:/root/.m2/repository/org/jbpm/jbpm-bpmn2/7.50.0-SNAPSHOT/jbpm-bpmn2-7.50.0-SNAPSHOT.jar:/root/.m2/repository/org/jbpm/jbpm-flow-builder/7.50.0-SNAPSHOT/jbpm-flow-builder-7.50.0-SNAPSHOT.jar:/root/.m2/repository/org/jbpm/jbpm-persistence-jpa/7.50.0-SNAPSHOT/jbpm-persistence-jpa-7.50.0-SNAPSHOT.jar:/root/.m2/repository/org/jbpm/jbpm-persistence-api/7.50.0-SNAPSHOT/jbpm-persistence-api-7.50.0-SNAPSHOT.jar:/root/.m2/repository/org/drools/drools-persistence-jpa/7.50.0-SNAPSHOT/drools-persistence-jpa-7.50.0-SNAPSHOT.jar:/root/.m2/repository/org/jboss/spec/javax/xml/bind/jboss-jaxb-api_2.3_spec/1.0.1.Final/jboss-jaxb-api_2.3_spec-1.0.1.Final.jar:/root/.m2/repository/org/drools/drools-persistence-api/7.50.0-SNAPSHOT/drools-persistence-api-7.50.0-SNAPSHOT.jar:/root/.m2/repository/org/jbpm/jbpm-audit/7.50.0-SNAPSHOT/jbpm-audit-7.50.0-SNAPSHOT.jar:/root/.m2/repository/org/jbpm/jbpm-query-jpa/7.50.0-SNAPSHOT/jbpm-query-jpa-7.50.0-SNAPSHOT.jar:/root/.m2/repository/org/jbpm/jbpm-human-task-core/7.50.0-SNAPSHOT/jbpm-human-task-core-7.50.0-SNAPSHOT.jar:/root/.m2/repository/org/jboss/spec/javax/annotation/jboss-annotations-api_1.2_spec/1.0.0.Final/jboss-annotations-api_1.2_spec-1.0.0.Final.jar:/root/.m2/repository/javax/mail/mail/1.4.5/mail-1.4.5.jar:/root/.m2/repository/org/jbpm/jbpm-human-task-workitems/7.50.0-SNAPSHOT/jbpm-human-task-workitems-7.50.0-SNAPSHOT.jar:/root/.m2/repository/org/jbpm/jbpm-shared-services/7.50.0-SNAPSHOT/jbpm-shared-services-7.50.0-SNAPSHOT.jar:/root/.m2/repository/org/jbpm/jbpm-services-api/7.50.0-SNAPSHOT/jbpm-services-api-7.50.0-SNAPSHOT.jar:/root/.m2/repository/org/jbpm/jbpm-case-mgmt-api/7.50.0-SNAPSHOT/jbpm-case-mgmt-api-7.50.0-SNAPSHOT.jar:/root/.m2/repository/org/jbpm/jbpm-runtime-manager/7.50.0-SNAPSHOT/jbpm-runtime-manager-7.50.0-SNAPSHOT.jar:/root/.m2/repository/org/jbpm/jbpm-human-task-audit/7.50.0-SNAPSHOT/jbpm-human-task-audit-7.50.0-SNAPSHOT.jar:/root/.m2/repository/org/jbpm/jbpm-human-task-jpa/7.50.0-SNAPSHOT/jbpm-human-task-jpa-7.50.0-SNAPSHOT.jar:/root/.m2/repository/com/h2database/h2/1.3.173/h2-1.3.173.jar:/root/.m2/repository/org/hibernate/hibernate-entitymanager/5.3.18.Final/hibernate-entitymanager-5.3.18.Final.jar:/root/.m2/repository/org/jboss/logging/jboss-logging/3.4.1.Final/jboss-logging-3.4.1.Final.jar:/root/.m2/repository/org/dom4j/dom4j/2.1.3/dom4j-2.1.3.jar:/root/.m2/repository/org/hibernate/common/hibernate-commons-annotations/5.0.5.Final/hibernate-commons-annotations-5.0.5.Final.jar:/root/.m2/repository/net/bytebuddy/byte-buddy/1.10.3/byte-buddy-1.10.3.jar:/root/.m2/repository/org/hibernate/hibernate-core/5.3.18.Final/hibernate-core-5.3.18.Final.jar:/root/.m2/repository/antlr/antlr/2.7.7/antlr-2.7.7.jar:/root/.m2/repository/org/jboss/jandex/2.1.1.Final/jandex-2.1.1.Final.jar:/root/.m2/repository/com/fasterxml/classmate/1.3.4/classmate-1.3.4.jar:/root/.m2/repository/org/glassfish/jaxb/jaxb-runtime/2.3.2/jaxb-runtime-2.3.2.jar:/root/.m2/repository/org/glassfish/jaxb/txw2/2.3.2/txw2-2.3.2.jar:/root/.m2/repository/com/sun/istack/istack-commons-runtime/3.0.8/istack-commons-runtime-3.0.8.jar:/root/.m2/repository/com/sun/xml/fastinfoset/FastInfoset/1.2.16/FastInfoset-1.2.16.jar:/root/.m2/repository/javax/persistence/javax.persistence-api/2.2/javax.persistence-api-2.2.jar:/root/.m2/repository/org/jboss/narayana/jta/narayana-jta/5.9.0.Final/narayana-jta-5.9.0.Final.jar:/root/.m2/repository/org/jboss/jboss-transaction-spi/7.6.0.Final/jboss-transaction-spi-7.6.0.Final.jar:/root/.m2/repository/org/jboss/spec/javax/resource/jboss-connector-api_1.7_spec/1.0.0.Final/jboss-connector-api_1.7_spec-1.0.0.Final.jar:/root/.m2/repository/org/javassist/javassist/3.26.0-GA/javassist-3.26.0-GA.jar:/root/.m2/repository/org/jboss/spec/javax/transaction/jboss-transaction-api_1.2_spec/1.1.1.Final/jboss-transaction-api_1.2_spec-1.1.1.Final.jar:/root/.m2/repository/org/kie/kie-test-util/7.50.0-SNAPSHOT/kie-test-util-7.50.0-SNAPSHOT.jar:/root/.m2/repository/commons-collections/commons-collections/3.2.2/commons-collections-3.2.2.jar:/root/.m2/repository/org/apache/tomcat/tomcat-dbcp/9.0.21/tomcat-dbcp-9.0.21.jar:/root/.m2/repository/org/apache/tomcat/tomcat-juli/9.0.21/tomcat-juli-9.0.21.jar:/root/.m2/repository/simple-jndi/simple-jndi/0.11.4.1/simple-jndi-0.11.4.1.jar:/root/.m2/repository/org/jbpm/jbpm-test-util/7.50.0-SNAPSHOT/jbpm-test-util-7.50.0-SNAPSHOT.jar:/root/.m2/repository/org/kie/soup/kie-soup-maven-support/7.50.0-SNAPSHOT/kie-soup-maven-support-7.50.0-SNAPSHOT.jar:/root/.m2/repository/org/drools/drools-ecj/7.50.0-SNAPSHOT/drools-ecj-7.50.0-SNAPSHOT.jar:/root/.m2/repository/org/kie/kie-ci/7.50.0-SNAPSHOT/kie-ci-7.50.0-SNAPSHOT.jar:/root/.m2/repository/org/drools/drools-mvel/7.50.0-SNAPSHOT/drools-mvel-7.50.0-SNAPSHOT.jar:/root/.m2/repository/org/drools/drools-serialization-protobuf/7.50.0-SNAPSHOT/drools-serialization-protobuf-7.50.0-SNAPSHOT.jar:/root/.m2/repository/org/kie/soup/kie-soup-maven-integration/7.50.0-SNAPSHOT/kie-soup-maven-integration-7.50.0-SNAPSHOT.jar:/root/.m2/repository/org/apache/maven/maven-artifact/3.3.9/maven-artifact-3.3.9.jar:/root/.m2/repository/org/apache/maven/maven-plugin-api/3.3.9/maven-plugin-api-3.3.9.jar:/root/.m2/repository/org/eclipse/aether/aether-util/1.1.0/aether-util-1.1.0.jar:/root/.m2/repository/org/eclipse/aether/aether-spi/1.1.0/aether-spi-1.1.0.jar:/root/.m2/repository/org/eclipse/aether/aether-transport-file/1.1.0/aether-transport-file-1.1.0.jar:/root/.m2/repository/org/eclipse/aether/aether-transport-http/1.1.0/aether-transport-http-1.1.0.jar:/root/.m2/repository/org/apache/ant/ant/1.9.15/ant-1.9.15.jar:/root/.m2/repository/org/apache/ant/ant-launcher/1.9.15/ant-launcher-1.9.15.jar:/root/.m2/repository/org/apache/httpcomponents/httpcore/4.4.6/httpcore-4.4.6.jar:/root/.m2/repository/com/google/inject/guice/4.0/guice-4.0-no_aop.jar:/root/.m2/repository/javax/inject/javax.inject/1/javax.inject-1.jar:/root/.m2/repository/aopalliance/aopalliance/1.0/aopalliance-1.0.jar:/root/.m2/repository/org/apache/maven/maven-core/3.3.9/maven-core-3.3.9.jar:/root/.m2/repository/org/apache/maven/maven-repository-metadata/3.3.9/maven-repository-metadata-3.3.9.jar:/root/.m2/repository/org/codehaus/plexus/plexus-interpolation/1.21/plexus-interpolation-1.21.jar:/root/.m2/repository/org/codehaus/plexus/plexus-component-annotations/1.6/plexus-component-annotations-1.6.jar:/root/.m2/repository/org/apache/maven/maven-model/3.3.9/maven-model-3.3.9.jar:/root/.m2/repository/org/apache/maven/maven-model-builder/3.3.9/maven-model-builder-3.3.9.jar:/root/.m2/repository/org/apache/maven/maven-builder-support/3.3.9/maven-builder-support-3.3.9.jar:/root/.m2/repository/org/apache/maven/maven-settings/3.3.9/maven-settings-3.3.9.jar:/root/.m2/repository/org/apache/maven/maven-settings-builder/3.3.9/maven-settings-builder-3.3.9.jar:/root/.m2/repository/org/apache/maven/maven-compat/3.3.9/maven-compat-3.3.9.jar:/root/.m2/repository/org/apache/maven/maven-aether-provider/3.3.9/maven-aether-provider-3.3.9.jar:/root/.m2/repository/org/apache/maven/wagon/wagon-provider-api/3.0.0/wagon-provider-api-3.0.0.jar:/root/.m2/repository/org/sonatype/plexus/plexus-sec-dispatcher/1.3/plexus-sec-dispatcher-1.3.jar:/root/.m2/repository/org/codehaus/plexus/plexus-classworlds/2.5.2/plexus-classworlds-2.5.2.jar:/root/.m2/repository/org/codehaus/plexus/plexus-utils/3.0.22/plexus-utils-3.0.22.jar:/root/.m2/repository/org/eclipse/aether/aether-api/1.1.0/aether-api-1.1.0.jar:/root/.m2/repository/org/eclipse/aether/aether-impl/1.1.0/aether-impl-1.1.0.jar:/root/.m2/repository/org/eclipse/aether/aether-connector-basic/1.1.0/aether-connector-basic-1.1.0.jar:/root/.m2/repository/org/eclipse/aether/aether-transport-wagon/1.1.0/aether-transport-wagon-1.1.0.jar:/root/.m2/repository/org/eclipse/sisu/org.eclipse.sisu.plexus/0.3.2/org.eclipse.sisu.plexus-0.3.2.jar:/root/.m2/repository/javax/enterprise/cdi-api/2.0.SP1/cdi-api-2.0.SP1.jar:/root/.m2/repository/org/eclipse/sisu/org.eclipse.sisu.inject/0.3.2/org.eclipse.sisu.inject-0.3.2.jar:/root/.m2/repository/org/apache/maven/wagon/wagon-http/3.0.0/wagon-http-3.0.0.jar:/root/.m2/repository/org/apache/maven/wagon/wagon-http-shared/3.0.0/wagon-http-shared-3.0.0.jar:/root/.m2/repository/org/jsoup/jsoup/1.8.3/jsoup-1.8.3.jar:/root/.m2/repository/commons-io/commons-io/2.6/commons-io-2.6.jar:/root/.m2/repository/org/sonatype/plexus/plexus-cipher/1.7/plexus-cipher-1.7.jar:/root/.m2/repository/org/kie/server/kie-server-client/7.50.0-SNAPSHOT/kie-server-client-7.50.0-SNAPSHOT.jar:/root/.m2/repository/org/apache/commons/commons-lang3/3.9/commons-lang3-3.9.jar:/root/.m2/repository/org/optaplanner/optaplanner-core/7.50.0-SNAPSHOT/optaplanner-core-7.50.0-SNAPSHOT.jar:/root/.m2/repository/org/apache/commons/commons-math3/3.4.1/commons-math3-3.4.1.jar:/root/.m2/repository/org/reflections/reflections/0.9.11/reflections-0.9.11.jar:/root/.m2/repository/org/kie/kie-dmn-api/7.50.0-SNAPSHOT/kie-dmn-api-7.50.0-SNAPSHOT.jar:/root/.m2/repository/org/kie/server/kie-server-api/7.50.0-SNAPSHOT/kie-server-api-7.50.0-SNAPSHOT.jar:/root/.m2/repository/org/optaplanner/optaplanner-persistence-xstream/7.50.0-SNAPSHOT/optaplanner-persistence-xstream-7.50.0-SNAPSHOT.jar:/root/.m2/repository/org/optaplanner/optaplanner-persistence-common/7.50.0-SNAPSHOT/optaplanner-persistence-common-7.50.0-SNAPSHOT.jar:/root/.m2/repository/org/optaplanner/optaplanner-persistence-jaxb/7.50.0-SNAPSHOT/optaplanner-persistence-jaxb-7.50.0-SNAPSHOT.jar:/root/.m2/repository/com/fasterxml/jackson/module/jackson-module-jaxb-annotations/2.9.10/jackson-module-jaxb-annotations-2.9.10.jar:/root/.m2/repository/com/fasterxml/jackson/datatype/jackson-datatype-jsr310/2.10.4/jackson-datatype-jsr310-2.10.4.jar:/root/.m2/repository/org/drools/kie-pmml/7.50.0-SNAPSHOT/kie-pmml-7.50.0-SNAPSHOT.jar:/root/.m2/repository/org/jboss/spec/javax/ws/rs/jboss-jaxrs-api_2.1_spec/1.0.2.Final/jboss-jaxrs-api_2.1_spec-1.0.2.Final.jar:/root/.m2/repository/org/kie/server/kie-server-common/7.50.0-SNAPSHOT/kie-server-common-7.50.0-SNAPSHOT.jar:/root/.m2/repository/org/jboss/spec/javax/jms/jboss-jms-api_2.0_spec/1.0.2.Final/jboss-jms-api_2.0_spec-1.0.2.Final.jar:/root/.m2/repository/com/sun/xml/bind/jaxb-core/2.3.0/jaxb-core-2.3.0.jar:/root/.m2/repository/com/sun/xml/bind/jaxb-impl/2.3.0/jaxb-impl-2.3.0.jar:/root/.m2/repository/org/kie/kie-dmn-core/7.50.0-SNAPSHOT/kie-dmn-core-7.50.0-SNAPSHOT.jar:/root/.m2/repository/org/kie/kie-dmn-model/7.50.0-SNAPSHOT/kie-dmn-model-7.50.0-SNAPSHOT.jar:/root/.m2/repository/org/kie/kie-dmn-backend/7.50.0-SNAPSHOT/kie-dmn-backend-7.50.0-SNAPSHOT.jar:/root/.m2/repository/org/kie/kie-dmn-feel/7.50.0-SNAPSHOT/kie-dmn-feel-7.50.0-SNAPSHOT.jar:/root/.m2/repository/ch/obermuhlner/big-math/2.0.1/big-math-2.0.1.jar:/root/.m2/repository/org/kie/kie-memory-compiler/7.50.0-SNAPSHOT/kie-memory-compiler-7.50.0-SNAPSHOT.jar:/root/.m2/repository/org/drools/drools-ruleunit/7.50.0-SNAPSHOT/drools-ruleunit-7.50.0-SNAPSHOT.jar:/root/.m2/repository/org/drools/drools-canonical-model/7.50.0-SNAPSHOT/drools-canonical-model-7.50.0-SNAPSHOT.jar:/root/.m2/repository/org/drools/drools-model-compiler/7.50.0-SNAPSHOT/drools-model-compiler-7.50.0-SNAPSHOT.jar:/root/.m2/repository/org/drools/drools-mvel-compiler/7.50.0-SNAPSHOT/drools-mvel-compiler-7.50.0-SNAPSHOT.jar:/root/.m2/repository/com/github/javaparser/javaparser-core/3.13.10/javaparser-core-3.13.10.jar:/root/.m2/repository/org/drools/drools-mvel-parser/7.50.0-SNAPSHOT/drools-mvel-parser-7.50.0-SNAPSHOT.jar:/root/.m2/repository/org/antlr/antlr4-runtime/4.8/antlr4-runtime-4.8.jar:/root/.m2/repository/org/jpmml/pmml-model/1.5.1/pmml-model-1.5.1.jar:/root/.m2/repository/org/jpmml/pmml-agent/1.5.1/pmml-agent-1.5.1.jar:/root/.m2/repository/org/apache/camel/camel-core/2.24.0/camel-core-2.24.0.jar:/root/.m2/repository/org/kie/kie-camel/7.50.0-SNAPSHOT/kie-camel-7.50.0-SNAPSHOT.jar:/root/.m2/repository/org/apache/cxf/cxf-core/3.2.14/cxf-core-3.2.14.jar:/root/.m2/repository/com/fasterxml/woodstox/woodstox-core/5.0.3/woodstox-core-5.0.3.jar:/root/.m2/repository/org/codehaus/woodstox/stax2-api/3.1.4/stax2-api-3.1.4.jar:/root/.m2/repository/org/apache/ws/xmlschema/xmlschema-core/2.2.4/xmlschema-core-2.2.4.jar:/root/.m2/repository/org/apache/camel/camel-cxf/2.24.0/camel-cxf-2.24.0.jar:/root/.m2/repository/org/apache/camel/camel-spring/2.24.0/camel-spring-2.24.0.jar:/root/.m2/repository/org/apache/camel/camel-http-common/2.24.0/camel-http-common-2.24.0.jar:/root/.m2/repository/javax/servlet/javax.servlet-api/3.1.0/javax.servlet-api-3.1.0.jar:/root/.m2/repository/org/apache/cxf/cxf-rt-frontend-jaxrs/3.2.14/cxf-rt-frontend-jaxrs-3.2.14.jar:/root/.m2/repository/org/apache/cxf/cxf-rt-frontend-jaxws/3.2.14/cxf-rt-frontend-jaxws-3.2.14.jar:/root/.m2/repository/xml-resolver/xml-resolver/1.2/xml-resolver-1.2.jar:/root/.m2/repository/org/ow2/asm/asm/7.1/asm-7.1.jar:/root/.m2/repository/org/apache/cxf/cxf-rt-bindings-xml/3.2.14/cxf-rt-bindings-xml-3.2.14.jar:/root/.m2/repository/org/apache/cxf/cxf-rt-ws-addr/3.2.14/cxf-rt-ws-addr-3.2.14.jar:/root/.m2/repository/org/apache/cxf/cxf-rt-ws-policy/3.2.14/cxf-rt-ws-policy-3.2.14.jar:/root/.m2/repository/org/apache/cxf/cxf-rt-rs-client/3.2.14/cxf-rt-rs-client-3.2.14.jar:/root/.m2/repository/org/apache/cxf/cxf-rt-features-logging/3.2.7/cxf-rt-features-logging-3.2.7.jar:/root/.m2/repository/org/apache/cxf/cxf-rt-bindings-soap/3.2.14/cxf-rt-bindings-soap-3.2.14.jar:/root/.m2/repository/org/apache/cxf/cxf-rt-wsdl/3.2.14/cxf-rt-wsdl-3.2.14.jar:/root/.m2/repository/org/apache/camel/camel-xstream/2.24.0/camel-xstream-2.24.0.jar:/root/.m2/repository/stax/stax-api/1.0.1/stax-api-1.0.1.jar:/root/.m2/repository/org/codehaus/jettison/jettison/1.4.0/jettison-1.4.0.jar:/root/.m2/repository/org/apache/camel/camel-jaxb/2.24.0/camel-jaxb-2.24.0.jar:/root/.m2/repository/org/apache/camel/camel-cxf-transport/2.24.0/camel-cxf-transport-2.24.0.jar:/root/.m2/repository/javax/xml/soap/javax.xml.soap-api/1.4.0/javax.xml.soap-api-1.4.0.jar:/root/.m2/repository/javax/xml/ws/jaxws-api/2.3.1/jaxws-api-2.3.1.jar:/root/.m2/repository/javax/xml/bind/jaxb-api/2.3.1/jaxb-api-2.3.1.jar:/root/.m2/repository/javax/activation/javax.activation-api/1.2.0/javax.activation-api-1.2.0.jar:/root/.m2/repository/javax/annotation/javax.annotation-api/1.3.2/javax.annotation-api-1.3.2.jar:/root/.m2/repository/javax/jws/javax.jws-api/1.1/javax.jws-api-1.1.jar:/root/.m2/repository/com/sun/xml/messaging/saaj/saaj-impl/1.5.0/saaj-impl-1.5.0.jar:/root/.m2/repository/org/jvnet/mimepull/mimepull/1.9.8/mimepull-1.9.8.jar:/root/.m2/repository/org/jvnet/staxex/stax-ex/1.8/stax-ex-1.8.jar:/root/jbpm-work-items/camel-workitem/target/camel-workitem-7.50.0-SNAPSHOT.jar:/root/.m2/repository/org/jbpm/jbpm-workitems-core/7.50.0-SNAPSHOT/jbpm-workitems-core-7.50.0-SNAPSHOT.jar:/root/.m2/repository/org/apache/commons/commons-exec/1.3/commons-exec-1.3.jar:/root/.m2/repository/org/antlr/ST4/4.0.7/ST4-4.0.7.jar:/root/.m2/repository/org/jbpm/jbpm-workitems-bpmn2/7.50.0-SNAPSHOT/jbpm-workitems-bpmn2-7.50.0-SNAPSHOT.jar:/root/.m2/repository/org/jboss/spec/javax/xml/ws/jboss-jaxws-api_2.3_spec/1.0.0.Final/jboss-jaxws-api_2.3_spec-1.0.0.Final.jar:/root/.m2/repository/org/apache/cxf/cxf-rt-databinding-jaxb/3.2.14/cxf-rt-databinding-jaxb-3.2.14.jar:/root/.m2/repository/org/apache/cxf/cxf-rt-transports-http/3.2.14/cxf-rt-transports-http-3.2.14.jar:/root/.m2/repository/org/apache/cxf/cxf-rt-frontend-simple/3.2.14/cxf-rt-frontend-simple-3.2.14.jar:/root/.m2/repository/wsdl4j/wsdl4j/1.6.3/wsdl4j-1.6.3.jar:/root/.m2/repository/org/apache/neethi/neethi/3.1.1/neethi-3.1.1.jar:/root/.m2/repository/org/jbpm/jbpm-workitems-email/7.50.0-SNAPSHOT/jbpm-workitems-email-7.50.0-SNAPSHOT.jar:/root/.m2/repository/javax/activation/activation/1.1.1/activation-1.1.1.jar:/root/.m2/repository/org/jbpm/jbpm-workitems-jms/7.50.0-SNAPSHOT/jbpm-workitems-jms-7.50.0-SNAPSHOT.jar:/root/.m2/repository/org/jbpm/jbpm-workitems-rest/7.50.0-SNAPSHOT/jbpm-workitems-rest-7.50.0-SNAPSHOT.jar:/root/.m2/repository/org/jbpm/jbpm-workitems-webservice/7.50.0-SNAPSHOT/jbpm-workitems-webservice-7.50.0-SNAPSHOT.jar:/root/.m2/repository/com/github/tomakehurst/wiremock/1.53/wiremock-1.53-standalone.jar:/root/.m2/repository/org/apache/httpcomponents/httpclient/4.5.13/httpclient-4.5.13.jar:/root/.m2/repository/xmlunit/xmlunit/1.3/xmlunit-1.3.jar:/root/.m2/repository/org/mortbay/jetty/jetty/6.1.26/jetty-6.1.26.jar:/root/.m2/repository/org/mortbay/jetty/jetty-util/6.1.26/jetty-util-6.1.26.jar:/root/.m2/repository/org/mortbay/jetty/servlet-api/2.5-20081211/servlet-api-2.5-20081211.jar:/root/.m2/repository/org/skyscreamer/jsonassert/1.2.3/jsonassert-1.2.3.jar:/root/.m2/repository/org/json/json/20140107/json-20140107.jar:/root/.m2/repository/com/jayway/jsonpath/json-path/0.8.1/json-path-0.8.1.jar:/root/.m2/repository/net/minidev/json-smart/1.1.1/json-smart-1.1.1.jar:/root/.m2/repository/commons-lang/commons-lang/2.6/commons-lang-2.6.jar:/root/.m2/repository/com/fasterxml/jackson/core/jackson-annotations/2.10.4/jackson-annotations-2.10.4.jar:/root/.m2/repository/com/fasterxml/jackson/core/jackson-core/2.10.4/jackson-core-2.10.4.jar:/root/.m2/repository/com/google/guava/guava/24.1.1-jre/guava-24.1.1-jre.jar:/root/.m2/repository/com/google/code/findbugs/jsr305/1.3.9/jsr305-1.3.9.jar:/root/.m2/repository/org/checkerframework/checker-compat-qual/2.0.0/checker-compat-qual-2.0.0.jar:/root/.m2/repository/com/google/errorprone/error_prone_annotations/2.1.3/error_prone_annotations-2.1.3.jar:/root/.m2/repository/com/google/j2objc/j2objc-annotations/1.1/j2objc-annotations-1.1.jar:/root/.m2/repository/org/codehaus/mojo/animal-sniffer-annotations/1.14/animal-sniffer-annotations-1.14.jar:/root/.m2/repository/net/sf/jopt-simple/jopt-simple/4.7/jopt-simple-4.7.jar:/root/.m2/repository/com/fasterxml/jackson/core/jackson-databind/2.10.4/jackson-databind-2.10.4.jar:/root/.m2/repository/org/apache/karaf/features/org.apache.karaf.features.core/4.2.0/org.apache.karaf.features.core-4.2.0.jar:/root/.m2/repository/org/ops4j/base/ops4j-base-util-property/1.5.0/ops4j-base-util-property-1.5.0.jar:/root/.m2/repository/org/ops4j/base/ops4j-base-util-collections/1.5.0/ops4j-base-util-collections-1.5.0.jar:/root/.m2/repository/org/ops4j/pax/swissbox/pax-swissbox-property/1.8.3/pax-swissbox-property-1.8.3.jar:/root/.m2/repository/org/apache/karaf/jndi/org.apache.karaf.jndi.core/4.2.0/org.apache.karaf.jndi.core-4.2.0.jar:/root/.m2/repository/org/apache/xbean/xbean-naming/4.7/xbean-naming-4.7.jar:/root/.m2/repository/org/apache/aries/proxy/org.apache.aries.proxy.api/1.1.0/org.apache.aries.proxy.api-1.1.0.jar:/root/.m2/repository/org/ops4j/pax/exam/pax-exam-container-karaf/4.11.0/pax-exam-container-karaf-4.11.0.jar:/root/.m2/repository/org/ops4j/pax/exam/pax-exam/4.11.0/pax-exam-4.11.0.jar:/root/.m2/repository/org/ops4j/base/ops4j-base-store/1.5.0/ops4j-base-store-1.5.0.jar:/root/.m2/repository/org/ops4j/pax/exam/pax-exam-container-remote/4.11.0/pax-exam-container-remote-4.11.0.jar:/root/.m2/repository/org/ops4j/pax/exam/pax-exam-container-rbc-client/4.11.0/pax-exam-container-rbc-client-4.11.0.jar:/root/.m2/repository/org/ops4j/pax/exam/pax-exam-container-rbc/4.11.0/pax-exam-container-rbc-4.11.0.jar:/root/.m2/repository/org/ops4j/pax/swissbox/pax-swissbox-core/1.8.2/pax-swissbox-core-1.8.2.jar:/root/.m2/repository/org/ops4j/pax/swissbox/pax-swissbox-lifecycle/1.8.2/pax-swissbox-lifecycle-1.8.2.jar:/root/.m2/repository/org/ops4j/base/ops4j-base-net/1.5.0/ops4j-base-net-1.5.0.jar:/root/.m2/repository/org/apache/commons/commons-compress/1.19/commons-compress-1.19.jar:/root/.m2/repository/org/ops4j/pax/swissbox/pax-swissbox-framework/1.8.2/pax-swissbox-framework-1.8.2.jar:/root/.m2/repository/org/ops4j/pax/swissbox/pax-swissbox-tracker/1.8.2/pax-swissbox-tracker-1.8.2.jar:/root/.m2/repository/org/ops4j/base/ops4j-base-exec/1.5.0/ops4j-base-exec-1.5.0.jar:/root/.m2/repository/org/ops4j/base/ops4j-base-io/1.5.0/ops4j-base-io-1.5.0.jar:/root/.m2/repository/org/ops4j/base/ops4j-base-monitors/1.5.0/ops4j-base-monitors-1.5.0.jar:/root/.m2/repository/org/ops4j/base/ops4j-base-spi/1.5.0/ops4j-base-spi-1.5.0.jar:/root/.m2/repository/org/apache/felix/org.apache.felix.configadmin/1.8.12/org.apache.felix.configadmin-1.8.12.jar:/root/.m2/repository/org/ops4j/pax/exam/pax-exam-junit4/4.11.0/pax-exam-junit4-4.11.0.jar:/root/.m2/repository/org/ops4j/pax/exam/pax-exam-spi/4.11.0/pax-exam-spi-4.11.0.jar:/root/.m2/repository/org/ops4j/pax/tinybundles/tinybundles/2.1.1/tinybundles-2.1.1.jar:/root/.m2/repository/biz/aQute/bnd/bndlib/2.4.0/bndlib-2.4.0.jar:/root/.m2/repository/org/ops4j/base/ops4j-base-lang/1.5.0/ops4j-base-lang-1.5.0.jar:/root/.m2/repository/org/apache/servicemix/bundles/org.apache.servicemix.bundles.javax-inject/1_2/org.apache.servicemix.bundles.javax-inject-1_2.jar:/root/.m2/repository/org/ops4j/pax/url/pax-url-aether/2.2.0/pax-url-aether-2.2.0.jar:/root/.m2/repository/org/drools/drools-core/7.50.0-SNAPSHOT/drools-core-7.50.0-SNAPSHOT-tests.jar:/root/.m2/repository/org/drools/testcoverage/drools-test-suite/7.50.0-SNAPSHOT/drools-test-suite-7.50.0-SNAPSHOT-tests.jar:/root/.m2/repository/ch/qos/logback/logback-classic/1.2.3/logback-classic-1.2.3.jar:/root/.m2/repository/ch/qos/logback/logback-core/1.2.3/logback-core-1.2.3.jar:/root/.m2/repository/org/slf4j/jcl-over-slf4j/1.7.26/jcl-over-slf4j-1.7.26.jar:/root/.m2/repository/junit/junit/4.13.1/junit-4.13.1.jar:/root/.m2/repository/org/hamcrest/hamcrest-core/1.3/hamcrest-core-1.3.jar:/root/.m2/repository/org/mockito/mockito-core/1.10.19/mockito-core-1.10.19.jar:/root/.m2/repository/org/objenesis/objenesis/2.1/objenesis-2.1.jar:"/>
    <property name="sun.cpu.endian" value="little"/>
    <property name="user.home" value="/root"/>
    <property name="user.language" value="en"/>
    <property name="java.specification.vendor" value="Oracle Corporation"/>
    <property name="java.home" value="/usr/lib/jvm/java-1.8.0-openjdk-1.8.0.222.b10-1.el8.x86_64/jre"/>
    <property name="version" value="7.50.0-SNAPSHOT"/>
    <property name="basedir" value="/root/jbpm-work-items/karaf-itests"/>
    <property name="file.separator" value="/"/>
    <property name="line.separator" value="&#10;"/>
    <property name="java.vm.specification.vendor" value="Oracle Corporation"/>
    <property name="java.specification.name" value="Java Platform API Specification"/>
    <property name="java.awt.graphicsenv" value="sun.awt.X11GraphicsEnvironment"/>
    <property name="surefire.real.class.path" value="/root/jbpm-work-items/karaf-itests/target/surefire/surefirebooter3035067469091656185.jar"/>
    <property name="sun.boot.class.path" value="/usr/lib/jvm/java-1.8.0-openjdk-1.8.0.222.b10-1.el8.x86_64/jre/lib/resources.jar:/usr/lib/jvm/java-1.8.0-openjdk-1.8.0.222.b10-1.el8.x86_64/jre/lib/rt.jar:/usr/lib/jvm/java-1.8.0-openjdk-1.8.0.222.b10-1.el8.x86_64/jre/lib/sunrsasign.jar:/usr/lib/jvm/java-1.8.0-openjdk-1.8.0.222.b10-1.el8.x86_64/jre/lib/jsse.jar:/usr/lib/jvm/java-1.8.0-openjdk-1.8.0.222.b10-1.el8.x86_64/jre/lib/jce.jar:/usr/lib/jvm/java-1.8.0-openjdk-1.8.0.222.b10-1.el8.x86_64/jre/lib/charsets.jar:/usr/lib/jvm/java-1.8.0-openjdk-1.8.0.222.b10-1.el8.x86_64/jre/lib/jfr.jar:/usr/lib/jvm/java-1.8.0-openjdk-1.8.0.222.b10-1.el8.x86_64/jre/classes"/>
    <property name="sun.management.compiler" value="HotSpot 64-Bit Tiered Compilers"/>
    <property name="java.runtime.version" value="1.8.0_222-b10"/>
    <property name="user.name" value="root"/>
    <property name="path.separator" value=":"/>
    <property name="os.version" value="4.18.0-147.el8.x86_64"/>
    <property name="java.endorsed.dirs" value="/usr/lib/jvm/java-1.8.0-openjdk-1.8.0.222.b10-1.el8.x86_64/jre/lib/endorsed"/>
    <property name="java.runtime.name" value="OpenJDK Runtime Environment"/>
    <property name="file.encoding" value="UTF-8"/>
    <property name="java.vm.name" value="OpenJDK 64-Bit Server VM"/>
    <property name="artifactId" value="karaf-itests"/>
    <property name="localRepository" value="/root/.m2/repository"/>
    <property name="java.vendor.url.bug" value="http://bugreport.sun.com/bugreport/"/>
    <property name="java.io.tmpdir" value="/tmp"/>
    <property name="java.version" value="1.8.0_222"/>
    <property name="user.dir" value="/root/jbpm-work-items/karaf-itests"/>
    <property name="builddir" value="/root/jbpm-work-items/karaf-itests/target"/>
    <property name="os.arch" value="amd64"/>
    <property name="java.vm.specification.name" value="Java Virtual Machine Specification"/>
    <property name="java.awt.printerjob" value="sun.print.PSPrinterJob"/>
    <property name="sun.os.patch.level" value="unknown"/>
    <property name="java.library.path" value="/usr/java/packages/lib/amd64:/usr/lib64:/lib64:/lib:/usr/lib"/>
    <property name="java.vm.info" value="mixed mode"/>
    <property name="java.vendor" value="Oracle Corporation"/>
    <property name="java.vm.version" value="25.222-b10"/>
    <property name="java.ext.dirs" value="/usr/lib/jvm/java-1.8.0-openjdk-1.8.0.222.b10-1.el8.x86_64/jre/lib/ext:/usr/java/packages/lib/ext"/>
    <property name="sun.io.unicode.encoding" value="UnicodeLittle"/>
    <property name="java.class.version" value="52.0"/>
  </properties>
  <testcase name="testSingleFileWithHeaders" classname="org.jbpm.process.workitem.camel.karaf.itests.CamelWorkitemIntegrationTest" time="2.364"/>
  <testcase name="testSingleFileProcess" classname="org.jbpm.process.workitem.camel.karaf.itests.CamelWorkitemIntegrationTest" time="0.074"/>
</testsuite>