<?xml version="1.0" encoding="UTF-8"?>
<testsuite xmlns:xsi="http://www.w3.org/2001/XMLSchema-instance" xsi:noNamespaceSchemaLocation="https://maven.apache.org/surefire/maven-surefire-plugin/xsd/surefire-test-report.xsd" name="org.jbpm.process.workitem.ethereum.test.EthereumWorkitemHandlerTest" time="3.341" tests="7" errors="0" skipped="0" failures="0">
  <properties>
    <property name="awt.toolkit" value="sun.awt.X11.XToolkit"/>
    <property name="file.encoding.pkg" value="sun.io"/>
    <property name="java.specification.version" value="1.8"/>
    <property name="sun.cpu.isalist" value=""/>
    <property name="sun.jnu.encoding" value="UTF-8"/>
    <property name="java.class.path" value="/root/jbpm-work-items/ethereum-workitem/target/test-classes:/root/jbpm-work-items/ethereum-workitem/target/classes:/root/.m2/repository/org/web3j/core/3.3.1/core-3.3.1.jar:/root/.m2/repository/com/squareup/okhttp3/logging-interceptor/3.12.1/logging-interceptor-3.12.1.jar:/root/.m2/repository/org/web3j/abi/3.3.1/abi-3.3.1.jar:/root/.m2/repository/org/web3j/crypto/3.3.1/crypto-3.3.1.jar:/root/.m2/repository/org/web3j/rlp/3.3.1/rlp-3.3.1.jar:/root/.m2/repository/com/fasterxml/jackson/core/jackson-databind/2.10.4/jackson-databind-2.10.4.jar:/root/.m2/repository/com/fasterxml/jackson/core/jackson-annotations/2.10.4/jackson-annotations-2.10.4.jar:/root/.m2/repository/com/fasterxml/jackson/core/jackson-core/2.10.4/jackson-core-2.10.4.jar:/root/.m2/repository/org/web3j/tuples/3.3.1/tuples-3.3.1.jar:/root/.m2/repository/org/web3j/utils/3.3.1/utils-3.3.1.jar:/root/.m2/repository/org/bouncycastle/bcprov-jdk15on/1.60/bcprov-jdk15on-1.60.jar:/root/.m2/repository/com/github/jnr/jnr-unixsocket/0.15/jnr-unixsocket-0.15.jar:/root/.m2/repository/com/github/jnr/jnr-ffi/2.1.2/jnr-ffi-2.1.2.jar:/root/.m2/repository/com/github/jnr/jffi/1.2.14/jffi-1.2.14.jar:/root/.m2/repository/com/github/jnr/jffi/1.2.14/jffi-1.2.14-native.jar:/root/.m2/repository/org/ow2/asm/asm/7.1/asm-7.1.jar:/root/.m2/repository/org/ow2/asm/asm-commons/5.0.3/asm-commons-5.0.3.jar:/root/.m2/repository/org/ow2/asm/asm-analysis/5.0.3/asm-analysis-5.0.3.jar:/root/.m2/repository/org/ow2/asm/asm-tree/5.0.3/asm-tree-5.0.3.jar:/root/.m2/repository/org/ow2/asm/asm-util/5.0.3/asm-util-5.0.3.jar:/root/.m2/repository/com/github/jnr/jnr-x86asm/1.0.2/jnr-x86asm-1.0.2.jar:/root/.m2/repository/com/github/jnr/jnr-constants/0.9.6/jnr-constants-0.9.6.jar:/root/.m2/repository/com/github/jnr/jnr-enxio/0.14/jnr-enxio-0.14.jar:/root/.m2/repository/com/github/jnr/jnr-posix/3.0.33/jnr-posix-3.0.33.jar:/root/.m2/repository/com/squareup/okhttp3/okhttp/3.8.1/okhttp-3.8.1.jar:/root/.m2/repository/com/squareup/okio/okio/1.13.0/okio-1.13.0.jar:/root/.m2/repository/io/reactivex/rxjava/1.2.4/rxjava-1.2.4.jar:/root/.m2/repository/org/apache/commons/commons-lang3/3.9/commons-lang3-3.9.jar:/root/.m2/repository/commons-io/commons-io/2.6/commons-io-2.6.jar:/root/.m2/repository/org/jbpm/jbpm-document/7.50.0-SNAPSHOT/jbpm-document-7.50.0-SNAPSHOT.jar:/root/.m2/repository/commons-codec/commons-codec/1.11/commons-codec-1.11.jar:/root/.m2/repository/org/jbpm/jbpm-audit/7.50.0-SNAPSHOT/jbpm-audit-7.50.0-SNAPSHOT.jar:/root/.m2/repository/org/drools/drools-persistence-jpa/7.50.0-SNAPSHOT/drools-persistence-jpa-7.50.0-SNAPSHOT.jar:/root/.m2/repository/org/jboss/spec/javax/xml/bind/jboss-jaxb-api_2.3_spec/1.0.1.Final/jboss-jaxb-api_2.3_spec-1.0.1.Final.jar:/root/.m2/repository/org/jbpm/jbpm-query-jpa/7.50.0-SNAPSHOT/jbpm-query-jpa-7.50.0-SNAPSHOT.jar:/root/.m2/repository/org/kie/soup/kie-soup-commons/7.50.0-SNAPSHOT/kie-soup-commons-7.50.0-SNAPSHOT.jar:/root/.m2/repository/com/thoughtworks/xstream/xstream/1.4.15/xstream-1.4.15.jar:/root/.m2/repository/xmlpull/xmlpull/1.2.0/xmlpull-1.2.0.jar:/root/.m2/repository/xpp3/xpp3_min/1.2.0/xpp3_min-1.2.0.jar:/root/.m2/repository/org/kie/kie-api/7.50.0-SNAPSHOT/kie-api-7.50.0-SNAPSHOT.jar:/root/.m2/repository/org/kie/soup/kie-soup-maven-support/7.50.0-SNAPSHOT/kie-soup-maven-support-7.50.0-SNAPSHOT.jar:/root/.m2/repository/org/kie/kie-internal/7.50.0-SNAPSHOT/kie-internal-7.50.0-SNAPSHOT.jar:/root/.m2/repository/org/drools/drools-core/7.50.0-SNAPSHOT/drools-core-7.50.0-SNAPSHOT.jar:/root/.m2/repository/org/kie/soup/kie-soup-xstream/7.50.0-SNAPSHOT/kie-soup-xstream-7.50.0-SNAPSHOT.jar:/root/.m2/repository/org/drools/drools-core-reflective/7.50.0-SNAPSHOT/drools-core-reflective-7.50.0-SNAPSHOT.jar:/root/.m2/repository/org/kie/kie-memory-compiler/7.50.0-SNAPSHOT/kie-memory-compiler-7.50.0-SNAPSHOT.jar:/root/.m2/repository/org/drools/drools-core-dynamic/7.50.0-SNAPSHOT/drools-core-dynamic-7.50.0-SNAPSHOT.jar:/root/.m2/repository/org/jbpm/jbpm-workitems-core/7.50.0-SNAPSHOT/jbpm-workitems-core-7.50.0-SNAPSHOT.jar:/root/.m2/repository/org/jbpm/jbpm-flow/7.50.0-SNAPSHOT/jbpm-flow-7.50.0-SNAPSHOT.jar:/root/.m2/repository/org/drools/drools-mvel/7.50.0-SNAPSHOT/drools-mvel-7.50.0-SNAPSHOT.jar:/root/.m2/repository/org/drools/drools-serialization-protobuf/7.50.0-SNAPSHOT/drools-serialization-protobuf-7.50.0-SNAPSHOT.jar:/root/.m2/repository/org/kie/soup/kie-soup-project-datamodel-commons/7.50.0-SNAPSHOT/kie-soup-project-datamodel-commons-7.50.0-SNAPSHOT.jar:/root/.m2/repository/org/kie/soup/kie-soup-project-datamodel-api/7.50.0-SNAPSHOT/kie-soup-project-datamodel-api-7.50.0-SNAPSHOT.jar:/root/.m2/repository/org/kie/kie-dmn-feel/7.50.0-SNAPSHOT/kie-dmn-feel-7.50.0-SNAPSHOT.jar:/root/.m2/repository/org/antlr/antlr4-runtime/4.8/antlr4-runtime-4.8.jar:/root/.m2/repository/com/github/javaparser/javaparser-core/3.13.10/javaparser-core-3.13.10.jar:/root/.m2/repository/org/drools/drools-mvel-parser/7.50.0-SNAPSHOT/drools-mvel-parser-7.50.0-SNAPSHOT.jar:/root/.m2/repository/ch/obermuhlner/big-math/2.0.1/big-math-2.0.1.jar:/root/.m2/repository/org/kie/kie-dmn-core/7.50.0-SNAPSHOT/kie-dmn-core-7.50.0-SNAPSHOT.jar:/root/.m2/repository/org/kie/kie-dmn-backend/7.50.0-SNAPSHOT/kie-dmn-backend-7.50.0-SNAPSHOT.jar:/root/.m2/repository/org/drools/drools-ruleunit/7.50.0-SNAPSHOT/drools-ruleunit-7.50.0-SNAPSHOT.jar:/root/.m2/repository/org/drools/drools-canonical-model/7.50.0-SNAPSHOT/drools-canonical-model-7.50.0-SNAPSHOT.jar:/root/.m2/repository/org/drools/drools-model-compiler/7.50.0-SNAPSHOT/drools-model-compiler-7.50.0-SNAPSHOT.jar:/root/.m2/repository/org/drools/drools-mvel-compiler/7.50.0-SNAPSHOT/drools-mvel-compiler-7.50.0-SNAPSHOT.jar:/root/.m2/repository/org/jpmml/pmml-model/1.5.1/pmml-model-1.5.1.jar:/root/.m2/repository/org/jpmml/pmml-agent/1.5.1/pmml-agent-1.5.1.jar:/root/.m2/repository/com/google/protobuf/protobuf-java/3.6.1/protobuf-java-3.6.1.jar:/root/.m2/repository/org/mvel/mvel2/2.4.12.Final/mvel2-2.4.12.Final.jar:/root/.m2/repository/org/jbpm/jbpm-bpmn2/7.50.0-SNAPSHOT/jbpm-bpmn2-7.50.0-SNAPSHOT.jar:/root/.m2/repository/org/jbpm/jbpm-flow-builder/7.50.0-SNAPSHOT/jbpm-flow-builder-7.50.0-SNAPSHOT.jar:/root/.m2/repository/org/kie/kie-dmn-api/7.50.0-SNAPSHOT/kie-dmn-api-7.50.0-SNAPSHOT.jar:/root/.m2/repository/org/kie/kie-dmn-model/7.50.0-SNAPSHOT/kie-dmn-model-7.50.0-SNAPSHOT.jar:/root/.m2/repository/org/apache/commons/commons-exec/1.3/commons-exec-1.3.jar:/root/.m2/repository/org/antlr/ST4/4.0.7/ST4-4.0.7.jar:/root/.m2/repository/org/antlr/antlr-runtime/3.5.2/antlr-runtime-3.5.2.jar:/root/.m2/repository/org/jbpm/jbpm-workitems-core/7.50.0-SNAPSHOT/jbpm-workitems-core-7.50.0-SNAPSHOT-tests.jar:/root/.m2/repository/junit/junit/4.13.1/junit-4.13.1.jar:/root/.m2/repository/org/hamcrest/hamcrest-core/1.3/hamcrest-core-1.3.jar:/root/.m2/repository/org/powermock/powermock-api-mockito/1.7.4/powermock-api-mockito-1.7.4.jar:/root/.m2/repository/org/powermock/powermock-api-mockito-common/1.7.4/powermock-api-mockito-common-1.7.4.jar:/root/.m2/repository/org/powermock/powermock-api-support/1.7.4/powermock-api-support-1.7.4.jar:/root/.m2/repository/org/powermock/powermock-module-junit4/1.7.4/powermock-module-junit4-1.7.4.jar:/root/.m2/repository/org/powermock/powermock-module-junit4-common/1.7.4/powermock-module-junit4-common-1.7.4.jar:/root/.m2/repository/org/powermock/powermock-reflect/1.7.4/powermock-reflect-1.7.4.jar:/root/.m2/repository/org/powermock/powermock-core/1.7.4/powermock-core-1.7.4.jar:/root/.m2/repository/org/jbpm/jbpm-test/7.50.0-SNAPSHOT/jbpm-test-7.50.0-SNAPSHOT.jar:/root/.m2/repository/org/jbpm/jbpm-persistence-jpa/7.50.0-SNAPSHOT/jbpm-persistence-jpa-7.50.0-SNAPSHOT.jar:/root/.m2/repository/org/jbpm/jbpm-human-task-core/7.50.0-SNAPSHOT/jbpm-human-task-core-7.50.0-SNAPSHOT.jar:/root/.m2/repository/org/jboss/spec/javax/annotation/jboss-annotations-api_1.2_spec/1.0.0.Final/jboss-annotations-api_1.2_spec-1.0.0.Final.jar:/root/.m2/repository/javax/mail/mail/1.4.5/mail-1.4.5.jar:/root/.m2/repository/org/slf4j/jcl-over-slf4j/1.7.26/jcl-over-slf4j-1.7.26.jar:/root/.m2/repository/com/google/guava/guava/24.1.1-jre/guava-24.1.1-jre.jar:/root/.m2/repository/com/google/code/findbugs/jsr305/1.3.9/jsr305-1.3.9.jar:/root/.m2/repository/org/checkerframework/checker-compat-qual/2.0.0/checker-compat-qual-2.0.0.jar:/root/.m2/repository/com/google/errorprone/error_prone_annotations/2.1.3/error_prone_annotations-2.1.3.jar:/root/.m2/repository/com/google/j2objc/j2objc-annotations/1.1/j2objc-annotations-1.1.jar:/root/.m2/repository/org/codehaus/mojo/animal-sniffer-annotations/1.14/animal-sniffer-annotations-1.14.jar:/root/.m2/repository/org/jbpm/jbpm-human-task-workitems/7.50.0-SNAPSHOT/jbpm-human-task-workitems-7.50.0-SNAPSHOT.jar:/root/.m2/repository/org/jbpm/jbpm-shared-services/7.50.0-SNAPSHOT/jbpm-shared-services-7.50.0-SNAPSHOT.jar:/root/.m2/repository/org/jbpm/jbpm-services-api/7.50.0-SNAPSHOT/jbpm-services-api-7.50.0-SNAPSHOT.jar:/root/.m2/repository/org/jbpm/jbpm-case-mgmt-api/7.50.0-SNAPSHOT/jbpm-case-mgmt-api-7.50.0-SNAPSHOT.jar:/root/.m2/repository/org/jbpm/jbpm-runtime-manager/7.50.0-SNAPSHOT/jbpm-runtime-manager-7.50.0-SNAPSHOT.jar:/root/.m2/repository/org/eclipse/aether/aether-api/1.1.0/aether-api-1.1.0.jar:/root/.m2/repository/org/jbpm/jbpm-human-task-audit/7.50.0-SNAPSHOT/jbpm-human-task-audit-7.50.0-SNAPSHOT.jar:/root/.m2/repository/org/jbpm/jbpm-human-task-jpa/7.50.0-SNAPSHOT/jbpm-human-task-jpa-7.50.0-SNAPSHOT.jar:/root/.m2/repository/com/h2database/h2/1.3.173/h2-1.3.173.jar:/root/.m2/repository/org/hibernate/hibernate-entitymanager/5.3.18.Final/hibernate-entitymanager-5.3.18.Final.jar:/root/.m2/repository/org/jboss/logging/jboss-logging/3.4.1.Final/jboss-logging-3.4.1.Final.jar:/root/.m2/repository/org/dom4j/dom4j/2.1.3/dom4j-2.1.3.jar:/root/.m2/repository/org/hibernate/common/hibernate-commons-annotations/5.0.5.Final/hibernate-commons-annotations-5.0.5.Final.jar:/root/.m2/repository/net/bytebuddy/byte-buddy/1.10.3/byte-buddy-1.10.3.jar:/root/.m2/repository/org/hibernate/hibernate-core/5.3.18.Final/hibernate-core-5.3.18.Final.jar:/root/.m2/repository/antlr/antlr/2.7.7/antlr-2.7.7.jar:/root/.m2/repository/org/jboss/jandex/2.1.1.Final/jandex-2.1.1.Final.jar:/root/.m2/repository/com/fasterxml/classmate/1.3.4/classmate-1.3.4.jar:/root/.m2/repository/org/glassfish/jaxb/jaxb-runtime/2.3.2/jaxb-runtime-2.3.2.jar:/root/.m2/repository/org/glassfish/jaxb/txw2/2.3.2/txw2-2.3.2.jar:/root/.m2/repository/com/sun/istack/istack-commons-runtime/3.0.8/istack-commons-runtime-3.0.8.jar:/root/.m2/repository/org/jvnet/staxex/stax-ex/1.8.1/stax-ex-1.8.1.jar:/root/.m2/repository/com/sun/xml/fastinfoset/FastInfoset/1.2.16/FastInfoset-1.2.16.jar:/root/.m2/repository/javax/persistence/javax.persistence-api/2.2/javax.persistence-api-2.2.jar:/root/.m2/repository/org/jboss/narayana/jta/narayana-jta/5.9.0.Final/narayana-jta-5.9.0.Final.jar:/root/.m2/repository/org/jboss/jboss-transaction-spi/7.6.0.Final/jboss-transaction-spi-7.6.0.Final.jar:/root/.m2/repository/org/jboss/spec/javax/resource/jboss-connector-api_1.7_spec/1.0.0.Final/jboss-connector-api_1.7_spec-1.0.0.Final.jar:/root/.m2/repository/org/javassist/javassist/3.26.0-GA/javassist-3.26.0-GA.jar:/root/.m2/repository/org/jboss/spec/javax/transaction/jboss-transaction-api_1.2_spec/1.1.1.Final/jboss-transaction-api_1.2_spec-1.1.1.Final.jar:/root/.m2/repository/org/kie/kie-test-util/7.50.0-SNAPSHOT/kie-test-util-7.50.0-SNAPSHOT.jar:/root/.m2/repository/commons-collections/commons-collections/3.2.2/commons-collections-3.2.2.jar:/root/.m2/repository/ch/qos/logback/logback-classic/1.2.3/logback-classic-1.2.3.jar:/root/.m2/repository/ch/qos/logback/logback-core/1.2.3/logback-core-1.2.3.jar:/root/.m2/repository/org/apache/maven/maven-model/3.3.9/maven-model-3.3.9.jar:/root/.m2/repository/org/codehaus/plexus/plexus-utils/3.0.22/plexus-utils-3.0.22.jar:/root/.m2/repository/org/kie/kie-ci/7.50.0-SNAPSHOT/kie-ci-7.50.0-SNAPSHOT.jar:/root/.m2/repository/org/kie/soup/kie-soup-maven-integration/7.50.0-SNAPSHOT/kie-soup-maven-integration-7.50.0-SNAPSHOT.jar:/root/.m2/repository/org/apache/maven/maven-artifact/3.3.9/maven-artifact-3.3.9.jar:/root/.m2/repository/org/apache/maven/maven-plugin-api/3.3.9/maven-plugin-api-3.3.9.jar:/root/.m2/repository/org/eclipse/aether/aether-util/1.1.0/aether-util-1.1.0.jar:/root/.m2/repository/org/eclipse/aether/aether-spi/1.1.0/aether-spi-1.1.0.jar:/root/.m2/repository/org/eclipse/aether/aether-transport-file/1.1.0/aether-transport-file-1.1.0.jar:/root/.m2/repository/org/eclipse/aether/aether-transport-http/1.1.0/aether-transport-http-1.1.0.jar:/root/.m2/repository/org/apache/ant/ant/1.9.15/ant-1.9.15.jar:/root/.m2/repository/org/apache/ant/ant-launcher/1.9.15/ant-launcher-1.9.15.jar:/root/.m2/repository/org/apache/httpcomponents/httpcore/4.4.6/httpcore-4.4.6.jar:/root/.m2/repository/com/google/inject/guice/4.0/guice-4.0-no_aop.jar:/root/.m2/repository/javax/inject/javax.inject/1/javax.inject-1.jar:/root/.m2/repository/aopalliance/aopalliance/1.0/aopalliance-1.0.jar:/root/.m2/repository/org/apache/maven/maven-core/3.3.9/maven-core-3.3.9.jar:/root/.m2/repository/org/apache/maven/maven-repository-metadata/3.3.9/maven-repository-metadata-3.3.9.jar:/root/.m2/repository/org/codehaus/plexus/plexus-interpolation/1.21/plexus-interpolation-1.21.jar:/root/.m2/repository/org/codehaus/plexus/plexus-component-annotations/1.6/plexus-component-annotations-1.6.jar:/root/.m2/repository/org/apache/maven/maven-model-builder/3.3.9/maven-model-builder-3.3.9.jar:/root/.m2/repository/org/apache/maven/maven-builder-support/3.3.9/maven-builder-support-3.3.9.jar:/root/.m2/repository/org/apache/maven/maven-settings/3.3.9/maven-settings-3.3.9.jar:/root/.m2/repository/org/apache/maven/maven-settings-builder/3.3.9/maven-settings-builder-3.3.9.jar:/root/.m2/repository/org/apache/maven/maven-compat/3.3.9/maven-compat-3.3.9.jar:/root/.m2/repository/org/apache/maven/maven-aether-provider/3.3.9/maven-aether-provider-3.3.9.jar:/root/.m2/repository/org/apache/maven/wagon/wagon-provider-api/3.0.0/wagon-provider-api-3.0.0.jar:/root/.m2/repository/org/sonatype/plexus/plexus-sec-dispatcher/1.3/plexus-sec-dispatcher-1.3.jar:/root/.m2/repository/org/codehaus/plexus/plexus-classworlds/2.5.2/plexus-classworlds-2.5.2.jar:/root/.m2/repository/org/eclipse/aether/aether-impl/1.1.0/aether-impl-1.1.0.jar:/root/.m2/repository/org/eclipse/aether/aether-connector-basic/1.1.0/aether-connector-basic-1.1.0.jar:/root/.m2/repository/org/eclipse/aether/aether-transport-wagon/1.1.0/aether-transport-wagon-1.1.0.jar:/root/.m2/repository/org/eclipse/sisu/org.eclipse.sisu.plexus/0.3.2/org.eclipse.sisu.plexus-0.3.2.jar:/root/.m2/repository/javax/enterprise/cdi-api/2.0.SP1/cdi-api-2.0.SP1.jar:/root/.m2/repository/org/eclipse/sisu/org.eclipse.sisu.inject/0.3.2/org.eclipse.sisu.inject-0.3.2.jar:/root/.m2/repository/org/apache/maven/wagon/wagon-http/3.0.0/wagon-http-3.0.0.jar:/root/.m2/repository/org/apache/maven/wagon/wagon-http-shared/3.0.0/wagon-http-shared-3.0.0.jar:/root/.m2/repository/org/jsoup/jsoup/1.8.3/jsoup-1.8.3.jar:/root/.m2/repository/org/apache/httpcomponents/httpclient/4.5.13/httpclient-4.5.13.jar:/root/.m2/repository/org/sonatype/plexus/plexus-cipher/1.7/plexus-cipher-1.7.jar:/root/.m2/repository/org/drools/drools-compiler/7.50.0-SNAPSHOT/drools-compiler-7.50.0-SNAPSHOT.jar:/root/.m2/repository/org/drools/drools-ecj/7.50.0-SNAPSHOT/drools-ecj-7.50.0-SNAPSHOT.jar:/root/.m2/repository/org/jbpm/jbpm-test-util/7.50.0-SNAPSHOT/jbpm-test-util-7.50.0-SNAPSHOT.jar:/root/.m2/repository/org/drools/drools-persistence-api/7.50.0-SNAPSHOT/drools-persistence-api-7.50.0-SNAPSHOT.jar:/root/.m2/repository/simple-jndi/simple-jndi/0.11.4.1/simple-jndi-0.11.4.1.jar:/root/.m2/repository/org/apache/tomcat/tomcat-dbcp/9.0.21/tomcat-dbcp-9.0.21.jar:/root/.m2/repository/org/apache/tomcat/tomcat-juli/9.0.21/tomcat-juli-9.0.21.jar:/root/.m2/repository/org/jbpm/jbpm-persistence-api/7.50.0-SNAPSHOT/jbpm-persistence-api-7.50.0-SNAPSHOT.jar:/root/.m2/repository/org/slf4j/slf4j-api/1.7.26/slf4j-api-1.7.26.jar:/root/jbpm-work-items/template-resources/target/template-resources-7.50.0-SNAPSHOT.jar:/root/.m2/repository/org/mockito/mockito-core/1.10.19/mockito-core-1.10.19.jar:/root/.m2/repository/org/objenesis/objenesis/2.1/objenesis-2.1.jar:"/>
    <property name="org.uberfire.nio.git.daemon.enabled" value="false"/>
    <property name="java.vm.vendor" value="Oracle Corporation"/>
    <property name="sun.arch.data.model" value="64"/>
    <property name="java.vendor.url" value="http://java.oracle.com/"/>
    <property name="user.timezone" value=""/>
    <property name="java.vm.specification.version" value="1.8"/>
    <property name="os.name" value="Linux"/>
    <property name="user.country" value="US"/>
    <property name="sun.java.launcher" value="SUN_STANDARD"/>
    <property name="sun.boot.library.path" value="/usr/lib/jvm/java-1.8.0-openjdk-1.8.0.222.b10-1.el8.x86_64/jre/lib/amd64"/>
    <property name="sun.java.command" value="/root/jbpm-work-items/ethereum-workitem/target/surefire/surefirebooter5213476604441434950.jar /root/jbpm-work-items/ethereum-workitem/target/surefire 2021-02-03T00-16-57_656-jvmRun1 surefire2398665549669787359tmp surefire_206120296857256742989tmp"/>
    <property name="surefire.test.class.path" value="/root/jbpm-work-items/ethereum-workitem/target/test-classes:/root/jbpm-work-items/ethereum-workitem/target/classes:/root/.m2/repository/org/web3j/core/3.3.1/core-3.3.1.jar:/root/.m2/repository/com/squareup/okhttp3/logging-interceptor/3.12.1/logging-interceptor-3.12.1.jar:/root/.m2/repository/org/web3j/abi/3.3.1/abi-3.3.1.jar:/root/.m2/repository/org/web3j/crypto/3.3.1/crypto-3.3.1.jar:/root/.m2/repository/org/web3j/rlp/3.3.1/rlp-3.3.1.jar:/root/.m2/repository/com/fasterxml/jackson/core/jackson-databind/2.10.4/jackson-databind-2.10.4.jar:/root/.m2/repository/com/fasterxml/jackson/core/jackson-annotations/2.10.4/jackson-annotations-2.10.4.jar:/root/.m2/repository/com/fasterxml/jackson/core/jackson-core/2.10.4/jackson-core-2.10.4.jar:/root/.m2/repository/org/web3j/tuples/3.3.1/tuples-3.3.1.jar:/root/.m2/repository/org/web3j/utils/3.3.1/utils-3.3.1.jar:/root/.m2/repository/org/bouncycastle/bcprov-jdk15on/1.60/bcprov-jdk15on-1.60.jar:/root/.m2/repository/com/github/jnr/jnr-unixsocket/0.15/jnr-unixsocket-0.15.jar:/root/.m2/repository/com/github/jnr/jnr-ffi/2.1.2/jnr-ffi-2.1.2.jar:/root/.m2/repository/com/github/jnr/jffi/1.2.14/jffi-1.2.14.jar:/root/.m2/repository/com/github/jnr/jffi/1.2.14/jffi-1.2.14-native.jar:/root/.m2/repository/org/ow2/asm/asm/7.1/asm-7.1.jar:/root/.m2/repository/org/ow2/asm/asm-commons/5.0.3/asm-commons-5.0.3.jar:/root/.m2/repository/org/ow2/asm/asm-analysis/5.0.3/asm-analysis-5.0.3.jar:/root/.m2/repository/org/ow2/asm/asm-tree/5.0.3/asm-tree-5.0.3.jar:/root/.m2/repository/org/ow2/asm/asm-util/5.0.3/asm-util-5.0.3.jar:/root/.m2/repository/com/github/jnr/jnr-x86asm/1.0.2/jnr-x86asm-1.0.2.jar:/root/.m2/repository/com/github/jnr/jnr-constants/0.9.6/jnr-constants-0.9.6.jar:/root/.m2/repository/com/github/jnr/jnr-enxio/0.14/jnr-enxio-0.14.jar:/root/.m2/repository/com/github/jnr/jnr-posix/3.0.33/jnr-posix-3.0.33.jar:/root/.m2/repository/com/squareup/okhttp3/okhttp/3.8.1/okhttp-3.8.1.jar:/root/.m2/repository/com/squareup/okio/okio/1.13.0/okio-1.13.0.jar:/root/.m2/repository/io/reactivex/rxjava/1.2.4/rxjava-1.2.4.jar:/root/.m2/repository/org/apache/commons/commons-lang3/3.9/commons-lang3-3.9.jar:/root/.m2/repository/commons-io/commons-io/2.6/commons-io-2.6.jar:/root/.m2/repository/org/jbpm/jbpm-document/7.50.0-SNAPSHOT/jbpm-document-7.50.0-SNAPSHOT.jar:/root/.m2/repository/commons-codec/commons-codec/1.11/commons-codec-1.11.jar:/root/.m2/repository/org/jbpm/jbpm-audit/7.50.0-SNAPSHOT/jbpm-audit-7.50.0-SNAPSHOT.jar:/root/.m2/repository/org/drools/drools-persistence-jpa/7.50.0-SNAPSHOT/drools-persistence-jpa-7.50.0-SNAPSHOT.jar:/root/.m2/repository/org/jboss/spec/javax/xml/bind/jboss-jaxb-api_2.3_spec/1.0.1.Final/jboss-jaxb-api_2.3_spec-1.0.1.Final.jar:/root/.m2/repository/org/jbpm/jbpm-query-jpa/7.50.0-SNAPSHOT/jbpm-query-jpa-7.50.0-SNAPSHOT.jar:/root/.m2/repository/org/kie/soup/kie-soup-commons/7.50.0-SNAPSHOT/kie-soup-commons-7.50.0-SNAPSHOT.jar:/root/.m2/repository/com/thoughtworks/xstream/xstream/1.4.15/xstream-1.4.15.jar:/root/.m2/repository/xmlpull/xmlpull/1.2.0/xmlpull-1.2.0.jar:/root/.m2/repository/xpp3/xpp3_min/1.2.0/xpp3_min-1.2.0.jar:/root/.m2/repository/org/kie/kie-api/7.50.0-SNAPSHOT/kie-api-7.50.0-SNAPSHOT.jar:/root/.m2/repository/org/kie/soup/kie-soup-maven-support/7.50.0-SNAPSHOT/kie-soup-maven-support-7.50.0-SNAPSHOT.jar:/root/.m2/repository/org/kie/kie-internal/7.50.0-SNAPSHOT/kie-internal-7.50.0-SNAPSHOT.jar:/root/.m2/repository/org/drools/drools-core/7.50.0-SNAPSHOT/drools-core-7.50.0-SNAPSHOT.jar:/root/.m2/repository/org/kie/soup/kie-soup-xstream/7.50.0-SNAPSHOT/kie-soup-xstream-7.50.0-SNAPSHOT.jar:/root/.m2/repository/org/drools/drools-core-reflective/7.50.0-SNAPSHOT/drools-core-reflective-7.50.0-SNAPSHOT.jar:/root/.m2/repository/org/kie/kie-memory-compiler/7.50.0-SNAPSHOT/kie-memory-compiler-7.50.0-SNAPSHOT.jar:/root/.m2/repository/org/drools/drools-core-dynamic/7.50.0-SNAPSHOT/drools-core-dynamic-7.50.0-SNAPSHOT.jar:/root/.m2/repository/org/jbpm/jbpm-workitems-core/7.50.0-SNAPSHOT/jbpm-workitems-core-7.50.0-SNAPSHOT.jar:/root/.m2/repository/org/jbpm/jbpm-flow/7.50.0-SNAPSHOT/jbpm-flow-7.50.0-SNAPSHOT.jar:/root/.m2/repository/org/drools/drools-mvel/7.50.0-SNAPSHOT/drools-mvel-7.50.0-SNAPSHOT.jar:/root/.m2/repository/org/drools/drools-serialization-protobuf/7.50.0-SNAPSHOT/drools-serialization-protobuf-7.50.0-SNAPSHOT.jar:/root/.m2/repository/org/kie/soup/kie-soup-project-datamodel-commons/7.50.0-SNAPSHOT/kie-soup-project-datamodel-commons-7.50.0-SNAPSHOT.jar:/root/.m2/repository/org/kie/soup/kie-soup-project-datamodel-api/7.50.0-SNAPSHOT/kie-soup-project-datamodel-api-7.50.0-SNAPSHOT.jar:/root/.m2/repository/org/kie/kie-dmn-feel/7.50.0-SNAPSHOT/kie-dmn-feel-7.50.0-SNAPSHOT.jar:/root/.m2/repository/org/antlr/antlr4-runtime/4.8/antlr4-runtime-4.8.jar:/root/.m2/repository/com/github/javaparser/javaparser-core/3.13.10/javaparser-core-3.13.10.jar:/root/.m2/repository/org/drools/drools-mvel-parser/7.50.0-SNAPSHOT/drools-mvel-parser-7.50.0-SNAPSHOT.jar:/root/.m2/repository/ch/obermuhlner/big-math/2.0.1/big-math-2.0.1.jar:/root/.m2/repository/org/kie/kie-dmn-core/7.50.0-SNAPSHOT/kie-dmn-core-7.50.0-SNAPSHOT.jar:/root/.m2/repository/org/kie/kie-dmn-backend/7.50.0-SNAPSHOT/kie-dmn-backend-7.50.0-SNAPSHOT.jar:/root/.m2/repository/org/drools/drools-ruleunit/7.50.0-SNAPSHOT/drools-ruleunit-7.50.0-SNAPSHOT.jar:/root/.m2/repository/org/drools/drools-canonical-model/7.50.0-SNAPSHOT/drools-canonical-model-7.50.0-SNAPSHOT.jar:/root/.m2/repository/org/drools/drools-model-compiler/7.50.0-SNAPSHOT/drools-model-compiler-7.50.0-SNAPSHOT.jar:/root/.m2/repository/org/drools/drools-mvel-compiler/7.50.0-SNAPSHOT/drools-mvel-compiler-7.50.0-SNAPSHOT.jar:/root/.m2/repository/org/jpmml/pmml-model/1.5.1/pmml-model-1.5.1.jar:/root/.m2/repository/org/jpmml/pmml-agent/1.5.1/pmml-agent-1.5.1.jar:/root/.m2/repository/com/google/protobuf/protobuf-java/3.6.1/protobuf-java-3.6.1.jar:/root/.m2/repository/org/mvel/mvel2/2.4.12.Final/mvel2-2.4.12.Final.jar:/root/.m2/repository/org/jbpm/jbpm-bpmn2/7.50.0-SNAPSHOT/jbpm-bpmn2-7.50.0-SNAPSHOT.jar:/root/.m2/repository/org/jbpm/jbpm-flow-builder/7.50.0-SNAPSHOT/jbpm-flow-builder-7.50.0-SNAPSHOT.jar:/root/.m2/repository/org/kie/kie-dmn-api/7.50.0-SNAPSHOT/kie-dmn-api-7.50.0-SNAPSHOT.jar:/root/.m2/repository/org/kie/kie-dmn-model/7.50.0-SNAPSHOT/kie-dmn-model-7.50.0-SNAPSHOT.jar:/root/.m2/repository/org/apache/commons/commons-exec/1.3/commons-exec-1.3.jar:/root/.m2/repository/org/antlr/ST4/4.0.7/ST4-4.0.7.jar:/root/.m2/repository/org/antlr/antlr-runtime/3.5.2/antlr-runtime-3.5.2.jar:/root/.m2/repository/org/jbpm/jbpm-workitems-core/7.50.0-SNAPSHOT/jbpm-workitems-core-7.50.0-SNAPSHOT-tests.jar:/root/.m2/repository/junit/junit/4.13.1/junit-4.13.1.jar:/root/.m2/repository/org/hamcrest/hamcrest-core/1.3/hamcrest-core-1.3.jar:/root/.m2/repository/org/powermock/powermock-api-mockito/1.7.4/powermock-api-mockito-1.7.4.jar:/root/.m2/repository/org/powermock/powermock-api-mockito-common/1.7.4/powermock-api-mockito-common-1.7.4.jar:/root/.m2/repository/org/powermock/powermock-api-support/1.7.4/powermock-api-support-1.7.4.jar:/root/.m2/repository/org/powermock/powermock-module-junit4/1.7.4/powermock-module-junit4-1.7.4.jar:/root/.m2/repository/org/powermock/powermock-module-junit4-common/1.7.4/powermock-module-junit4-common-1.7.4.jar:/root/.m2/repository/org/powermock/powermock-reflect/1.7.4/powermock-reflect-1.7.4.jar:/root/.m2/repository/org/powermock/powermock-core/1.7.4/powermock-core-1.7.4.jar:/root/.m2/repository/org/jbpm/jbpm-test/7.50.0-SNAPSHOT/jbpm-test-7.50.0-SNAPSHOT.jar:/root/.m2/repository/org/jbpm/jbpm-persistence-jpa/7.50.0-SNAPSHOT/jbpm-persistence-jpa-7.50.0-SNAPSHOT.jar:/root/.m2/repository/org/jbpm/jbpm-human-task-core/7.50.0-SNAPSHOT/jbpm-human-task-core-7.50.0-SNAPSHOT.jar:/root/.m2/repository/org/jboss/spec/javax/annotation/jboss-annotations-api_1.2_spec/1.0.0.Final/jboss-annotations-api_1.2_spec-1.0.0.Final.jar:/root/.m2/repository/javax/mail/mail/1.4.5/mail-1.4.5.jar:/root/.m2/repository/org/slf4j/jcl-over-slf4j/1.7.26/jcl-over-slf4j-1.7.26.jar:/root/.m2/repository/com/google/guava/guava/24.1.1-jre/guava-24.1.1-jre.jar:/root/.m2/repository/com/google/code/findbugs/jsr305/1.3.9/jsr305-1.3.9.jar:/root/.m2/repository/org/checkerframework/checker-compat-qual/2.0.0/checker-compat-qual-2.0.0.jar:/root/.m2/repository/com/google/errorprone/error_prone_annotations/2.1.3/error_prone_annotations-2.1.3.jar:/root/.m2/repository/com/google/j2objc/j2objc-annotations/1.1/j2objc-annotations-1.1.jar:/root/.m2/repository/org/codehaus/mojo/animal-sniffer-annotations/1.14/animal-sniffer-annotations-1.14.jar:/root/.m2/repository/org/jbpm/jbpm-human-task-workitems/7.50.0-SNAPSHOT/jbpm-human-task-workitems-7.50.0-SNAPSHOT.jar:/root/.m2/repository/org/jbpm/jbpm-shared-services/7.50.0-SNAPSHOT/jbpm-shared-services-7.50.0-SNAPSHOT.jar:/root/.m2/repository/org/jbpm/jbpm-services-api/7.50.0-SNAPSHOT/jbpm-services-api-7.50.0-SNAPSHOT.jar:/root/.m2/repository/org/jbpm/jbpm-case-mgmt-api/7.50.0-SNAPSHOT/jbpm-case-mgmt-api-7.50.0-SNAPSHOT.jar:/root/.m2/repository/org/jbpm/jbpm-runtime-manager/7.50.0-SNAPSHOT/jbpm-runtime-manager-7.50.0-SNAPSHOT.jar:/root/.m2/repository/org/eclipse/aether/aether-api/1.1.0/aether-api-1.1.0.jar:/root/.m2/repository/org/jbpm/jbpm-human-task-audit/7.50.0-SNAPSHOT/jbpm-human-task-audit-7.50.0-SNAPSHOT.jar:/root/.m2/repository/org/jbpm/jbpm-human-task-jpa/7.50.0-SNAPSHOT/jbpm-human-task-jpa-7.50.0-SNAPSHOT.jar:/root/.m2/repository/com/h2database/h2/1.3.173/h2-1.3.173.jar:/root/.m2/repository/org/hibernate/hibernate-entitymanager/5.3.18.Final/hibernate-entitymanager-5.3.18.Final.jar:/root/.m2/repository/org/jboss/logging/jboss-logging/3.4.1.Final/jboss-logging-3.4.1.Final.jar:/root/.m2/repository/org/dom4j/dom4j/2.1.3/dom4j-2.1.3.jar:/root/.m2/repository/org/hibernate/common/hibernate-commons-annotations/5.0.5.Final/hibernate-commons-annotations-5.0.5.Final.jar:/root/.m2/repository/net/bytebuddy/byte-buddy/1.10.3/byte-buddy-1.10.3.jar:/root/.m2/repository/org/hibernate/hibernate-core/5.3.18.Final/hibernate-core-5.3.18.Final.jar:/root/.m2/repository/antlr/antlr/2.7.7/antlr-2.7.7.jar:/root/.m2/repository/org/jboss/jandex/2.1.1.Final/jandex-2.1.1.Final.jar:/root/.m2/repository/com/fasterxml/classmate/1.3.4/classmate-1.3.4.jar:/root/.m2/repository/org/glassfish/jaxb/jaxb-runtime/2.3.2/jaxb-runtime-2.3.2.jar:/root/.m2/repository/org/glassfish/jaxb/txw2/2.3.2/txw2-2.3.2.jar:/root/.m2/repository/com/sun/istack/istack-commons-runtime/3.0.8/istack-commons-runtime-3.0.8.jar:/root/.m2/repository/org/jvnet/staxex/stax-ex/1.8.1/stax-ex-1.8.1.jar:/root/.m2/repository/com/sun/xml/fastinfoset/FastInfoset/1.2.16/FastInfoset-1.2.16.jar:/root/.m2/repository/javax/persistence/javax.persistence-api/2.2/javax.persistence-api-2.2.jar:/root/.m2/repository/org/jboss/narayana/jta/narayana-jta/5.9.0.Final/narayana-jta-5.9.0.Final.jar:/root/.m2/repository/org/jboss/jboss-transaction-spi/7.6.0.Final/jboss-transaction-spi-7.6.0.Final.jar:/root/.m2/repository/org/jboss/spec/javax/resource/jboss-connector-api_1.7_spec/1.0.0.Final/jboss-connector-api_1.7_spec-1.0.0.Final.jar:/root/.m2/repository/org/javassist/javassist/3.26.0-GA/javassist-3.26.0-GA.jar:/root/.m2/repository/org/jboss/spec/javax/transaction/jboss-transaction-api_1.2_spec/1.1.1.Final/jboss-transaction-api_1.2_spec-1.1.1.Final.jar:/root/.m2/repository/org/kie/kie-test-util/7.50.0-SNAPSHOT/kie-test-util-7.50.0-SNAPSHOT.jar:/root/.m2/repository/commons-collections/commons-collections/3.2.2/commons-collections-3.2.2.jar:/root/.m2/repository/ch/qos/logback/logback-classic/1.2.3/logback-classic-1.2.3.jar:/root/.m2/repository/ch/qos/logback/logback-core/1.2.3/logback-core-1.2.3.jar:/root/.m2/repository/org/apache/maven/maven-model/3.3.9/maven-model-3.3.9.jar:/root/.m2/repository/org/codehaus/plexus/plexus-utils/3.0.22/plexus-utils-3.0.22.jar:/root/.m2/repository/org/kie/kie-ci/7.50.0-SNAPSHOT/kie-ci-7.50.0-SNAPSHOT.jar:/root/.m2/repository/org/kie/soup/kie-soup-maven-integration/7.50.0-SNAPSHOT/kie-soup-maven-integration-7.50.0-SNAPSHOT.jar:/root/.m2/repository/org/apache/maven/maven-artifact/3.3.9/maven-artifact-3.3.9.jar:/root/.m2/repository/org/apache/maven/maven-plugin-api/3.3.9/maven-plugin-api-3.3.9.jar:/root/.m2/repository/org/eclipse/aether/aether-util/1.1.0/aether-util-1.1.0.jar:/root/.m2/repository/org/eclipse/aether/aether-spi/1.1.0/aether-spi-1.1.0.jar:/root/.m2/repository/org/eclipse/aether/aether-transport-file/1.1.0/aether-transport-file-1.1.0.jar:/root/.m2/repository/org/eclipse/aether/aether-transport-http/1.1.0/aether-transport-http-1.1.0.jar:/root/.m2/repository/org/apache/ant/ant/1.9.15/ant-1.9.15.jar:/root/.m2/repository/org/apache/ant/ant-launcher/1.9.15/ant-launcher-1.9.15.jar:/root/.m2/repository/org/apache/httpcomponents/httpcore/4.4.6/httpcore-4.4.6.jar:/root/.m2/repository/com/google/inject/guice/4.0/guice-4.0-no_aop.jar:/root/.m2/repository/javax/inject/javax.inject/1/javax.inject-1.jar:/root/.m2/repository/aopalliance/aopalliance/1.0/aopalliance-1.0.jar:/root/.m2/repository/org/apache/maven/maven-core/3.3.9/maven-core-3.3.9.jar:/root/.m2/repository/org/apache/maven/maven-repository-metadata/3.3.9/maven-repository-metadata-3.3.9.jar:/root/.m2/repository/org/codehaus/plexus/plexus-interpolation/1.21/plexus-interpolation-1.21.jar:/root/.m2/repository/org/codehaus/plexus/plexus-component-annotations/1.6/plexus-component-annotations-1.6.jar:/root/.m2/repository/org/apache/maven/maven-model-builder/3.3.9/maven-model-builder-3.3.9.jar:/root/.m2/repository/org/apache/maven/maven-builder-support/3.3.9/maven-builder-support-3.3.9.jar:/root/.m2/repository/org/apache/maven/maven-settings/3.3.9/maven-settings-3.3.9.jar:/root/.m2/repository/org/apache/maven/maven-settings-builder/3.3.9/maven-settings-builder-3.3.9.jar:/root/.m2/repository/org/apache/maven/maven-compat/3.3.9/maven-compat-3.3.9.jar:/root/.m2/repository/org/apache/maven/maven-aether-provider/3.3.9/maven-aether-provider-3.3.9.jar:/root/.m2/repository/org/apache/maven/wagon/wagon-provider-api/3.0.0/wagon-provider-api-3.0.0.jar:/root/.m2/repository/org/sonatype/plexus/plexus-sec-dispatcher/1.3/plexus-sec-dispatcher-1.3.jar:/root/.m2/repository/org/codehaus/plexus/plexus-classworlds/2.5.2/plexus-classworlds-2.5.2.jar:/root/.m2/repository/org/eclipse/aether/aether-impl/1.1.0/aether-impl-1.1.0.jar:/root/.m2/repository/org/eclipse/aether/aether-connector-basic/1.1.0/aether-connector-basic-1.1.0.jar:/root/.m2/repository/org/eclipse/aether/aether-transport-wagon/1.1.0/aether-transport-wagon-1.1.0.jar:/root/.m2/repository/org/eclipse/sisu/org.eclipse.sisu.plexus/0.3.2/org.eclipse.sisu.plexus-0.3.2.jar:/root/.m2/repository/javax/enterprise/cdi-api/2.0.SP1/cdi-api-2.0.SP1.jar:/root/.m2/repository/org/eclipse/sisu/org.eclipse.sisu.inject/0.3.2/org.eclipse.sisu.inject-0.3.2.jar:/root/.m2/repository/org/apache/maven/wagon/wagon-http/3.0.0/wagon-http-3.0.0.jar:/root/.m2/repository/org/apache/maven/wagon/wagon-http-shared/3.0.0/wagon-http-shared-3.0.0.jar:/root/.m2/repository/org/jsoup/jsoup/1.8.3/jsoup-1.8.3.jar:/root/.m2/repository/org/apache/httpcomponents/httpclient/4.5.13/httpclient-4.5.13.jar:/root/.m2/repository/org/sonatype/plexus/plexus-cipher/1.7/plexus-cipher-1.7.jar:/root/.m2/repository/org/drools/drools-compiler/7.50.0-SNAPSHOT/drools-compiler-7.50.0-SNAPSHOT.jar:/root/.m2/repository/org/drools/drools-ecj/7.50.0-SNAPSHOT/drools-ecj-7.50.0-SNAPSHOT.jar:/root/.m2/repository/org/jbpm/jbpm-test-util/7.50.0-SNAPSHOT/jbpm-test-util-7.50.0-SNAPSHOT.jar:/root/.m2/repository/org/drools/drools-persistence-api/7.50.0-SNAPSHOT/drools-persistence-api-7.50.0-SNAPSHOT.jar:/root/.m2/repository/simple-jndi/simple-jndi/0.11.4.1/simple-jndi-0.11.4.1.jar:/root/.m2/repository/org/apache/tomcat/tomcat-dbcp/9.0.21/tomcat-dbcp-9.0.21.jar:/root/.m2/repository/org/apache/tomcat/tomcat-juli/9.0.21/tomcat-juli-9.0.21.jar:/root/.m2/repository/org/jbpm/jbpm-persistence-api/7.50.0-SNAPSHOT/jbpm-persistence-api-7.50.0-SNAPSHOT.jar:/root/.m2/repository/org/slf4j/slf4j-api/1.7.26/slf4j-api-1.7.26.jar:/root/jbpm-work-items/template-resources/target/template-resources-7.50.0-SNAPSHOT.jar:/root/.m2/repository/org/mockito/mockito-core/1.10.19/mockito-core-1.10.19.jar:/root/.m2/repository/org/objenesis/objenesis/2.1/objenesis-2.1.jar:"/>
    <property name="sun.cpu.endian" value="little"/>
    <property name="user.home" value="/root"/>
    <property name="user.language" value="en"/>
    <property name="java.specification.vendor" value="Oracle Corporation"/>
    <property name="java.home" value="/usr/lib/jvm/java-1.8.0-openjdk-1.8.0.222.b10-1.el8.x86_64/jre"/>
    <property name="basedir" value="/root/jbpm-work-items/ethereum-workitem"/>
    <property name="file.separator" value="/"/>
    <property name="line.separator" value="&#10;"/>
    <property name="java.vm.specification.vendor" value="Oracle Corporation"/>
    <property name="java.specification.name" value="Java Platform API Specification"/>
    <property name="java.awt.graphicsenv" value="sun.awt.X11GraphicsEnvironment"/>
    <property name="org.uberfire.sys.repo.monitor.disabled" value="true"/>
    <property name="surefire.real.class.path" value="/root/jbpm-work-items/ethereum-workitem/target/surefire/surefirebooter5213476604441434950.jar"/>
    <property name="sun.boot.class.path" value="/usr/lib/jvm/java-1.8.0-openjdk-1.8.0.222.b10-1.el8.x86_64/jre/lib/resources.jar:/usr/lib/jvm/java-1.8.0-openjdk-1.8.0.222.b10-1.el8.x86_64/jre/lib/rt.jar:/usr/lib/jvm/java-1.8.0-openjdk-1.8.0.222.b10-1.el8.x86_64/jre/lib/sunrsasign.jar:/usr/lib/jvm/java-1.8.0-openjdk-1.8.0.222.b10-1.el8.x86_64/jre/lib/jsse.jar:/usr/lib/jvm/java-1.8.0-openjdk-1.8.0.222.b10-1.el8.x86_64/jre/lib/jce.jar:/usr/lib/jvm/java-1.8.0-openjdk-1.8.0.222.b10-1.el8.x86_64/jre/lib/charsets.jar:/usr/lib/jvm/java-1.8.0-openjdk-1.8.0.222.b10-1.el8.x86_64/jre/lib/jfr.jar:/usr/lib/jvm/java-1.8.0-openjdk-1.8.0.222.b10-1.el8.x86_64/jre/classes"/>
    <property name="sun.management.compiler" value="HotSpot 64-Bit Tiered Compilers"/>
    <property name="java.runtime.version" value="1.8.0_222-b10"/>
    <property name="user.name" value="root"/>
    <property name="path.separator" value=":"/>
    <property name="os.version" value="4.18.0-147.el8.x86_64"/>
    <property name="java.endorsed.dirs" value="/usr/lib/jvm/java-1.8.0-openjdk-1.8.0.222.b10-1.el8.x86_64/jre/lib/endorsed"/>
    <property name="java.runtime.name" value="OpenJDK Runtime Environment"/>
    <property name="file.encoding" value="UTF-8"/>
    <property name="java.vm.name" value="OpenJDK 64-Bit Server VM"/>
    <property name="org.uberfire.nio.git.ssh.enabled" value="false"/>
    <property name="localRepository" value="/root/.m2/repository"/>
    <property name="java.vendor.url.bug" value="http://bugreport.sun.com/bugreport/"/>
    <property name="java.io.tmpdir" value="/root/jbpm-work-items/ethereum-workitem/target"/>
    <property name="java.version" value="1.8.0_222"/>
    <property name="user.dir" value="/root/jbpm-work-items/ethereum-workitem"/>
    <property name="os.arch" value="amd64"/>
    <property name="java.vm.specification.name" value="Java Virtual Machine Specification"/>
    <property name="java.awt.printerjob" value="sun.print.PSPrinterJob"/>
    <property name="sun.os.patch.level" value="unknown"/>
    <property name="java.library.path" value="/usr/java/packages/lib/amd64:/usr/lib64:/lib64:/lib:/usr/lib"/>
    <property name="java.vm.info" value="mixed mode"/>
    <property name="java.vendor" value="Oracle Corporation"/>
    <property name="java.vm.version" value="25.222-b10"/>
    <property name="java.ext.dirs" value="/usr/lib/jvm/java-1.8.0-openjdk-1.8.0.222.b10-1.el8.x86_64/jre/lib/ext:/usr/java/packages/lib/ext"/>
    <property name="sun.io.unicode.encoding" value="UnicodeLittle"/>
    <property name="apple.awt.UIElement" value="true"/>
    <property name="java.class.version" value="52.0"/>
  </properties>
  <testcase name="testGetBalance" classname="org.jbpm.process.workitem.ethereum.test.EthereumWorkitemHandlerTest" time="1.798"/>
  <testcase name="testSendEther" classname="org.jbpm.process.workitem.ethereum.test.EthereumWorkitemHandlerTest" time="0.064"/>
  <testcase name="testQueryExistingContract" classname="org.jbpm.process.workitem.ethereum.test.EthereumWorkitemHandlerTest" time="0.062"/>
  <testcase name="testTransactExistingContract" classname="org.jbpm.process.workitem.ethereum.test.EthereumWorkitemHandlerTest" time="0.074"/>
  <testcase name="testDeployContract" classname="org.jbpm.process.workitem.ethereum.test.EthereumWorkitemHandlerTest" time="0.091"/>
  <testcase name="testObserveContractUpdates" classname="org.jbpm.process.workitem.ethereum.test.EthereumWorkitemHandlerTest" time="0.021"/>
  <testcase name="testInvalidParameters" classname="org.jbpm.process.workitem.ethereum.test.EthereumWorkitemHandlerTest" time="0.003"/>
</testsuite>